2017-07-04 15:19:12,716: INFO: ========= Net init =========
2017-07-04 15:19:12,716: INFO: port = 8880
2017-07-04 15:19:12,716: INFO: model = ./models/Googlenet_people/deploy.prototxt
2017-07-04 15:19:12,716: INFO: weight = ./models/Googlenet_people/snapshot/_iter_400000.caffemodel
2017-07-04 15:19:12,716: INFO: label_map = ./data/Googlenet_people/classes.txt
2017-07-04 15:19:12,716: INFO: =========Starting server=========
2017-07-04 18:48:59,956: DEBUG: Number of forward = 0
2017-07-04 18:48:59,971: DEBUG: STREAM 'IHDR' 16 13
2017-07-04 18:48:59,971: DEBUG: STREAM 'pHYs' 41 9
2017-07-04 18:48:59,971: DEBUG: STREAM 'IDAT' 62 4096
2017-07-04 18:49:00,080: DEBUG: Returns: ('low', 0.99950409)
2017-07-04 18:49:00,080: DEBUG: do_POST = 1: 0.00961589813232, 2: 5.41210174561e-05, 3: 0.11381983757, 4: 7.70092010498e-05
2017-07-04 18:49:00,080: DEBUG: All do_post = 0.124127149582
2017-07-04 18:49:00,080: DEBUG: Garbage collector: lvl1 = 55, lvl2 = 7, lvl3 = 4
2017-07-04 18:49:05,902: DEBUG: Number of forward = 0
2017-07-04 18:49:05,912: DEBUG: STREAM 'IHDR' 16 13
2017-07-04 18:49:05,912: DEBUG: STREAM 'pHYs' 41 9
2017-07-04 18:49:05,912: DEBUG: STREAM 'IDAT' 62 4096
2017-07-04 18:49:05,964: DEBUG: Returns: ('middle', 1.0)
2017-07-04 18:49:05,964: DEBUG: do_POST = 1: 0.00905203819275, 2: 5.79357147217e-05, 3: 0.052206993103, 4: 7.10487365723e-05
2017-07-04 18:49:05,964: DEBUG: All do_post = 0.0618789196014
2017-07-04 18:49:05,964: DEBUG: Garbage collector: lvl1 = 80, lvl2 = 7, lvl3 = 4
2017-07-04 18:49:26,104: DEBUG: Number of forward = 0
2017-07-04 18:49:26,115: DEBUG: STREAM 'IHDR' 16 13
2017-07-04 18:49:26,115: DEBUG: STREAM 'pHYs' 41 9
2017-07-04 18:49:26,115: DEBUG: STREAM 'IDAT' 62 4096
2017-07-04 18:49:26,172: DEBUG: Returns: ('low', 0.99950409)
2017-07-04 18:49:26,173: DEBUG: do_POST = 1: 0.00913691520691, 2: 5.50746917725e-05, 3: 0.0584509372711, 4: 6.91413879395e-05
2017-07-04 18:49:26,173: DEBUG: All do_post = 0.0682179927826
2017-07-04 18:49:26,173: DEBUG: Garbage collector: lvl1 = 91, lvl2 = 7, lvl3 = 4
2017-07-04 20:21:12,578: DEBUG: Number of forward = 0
2017-07-04 20:21:13,788: DEBUG: STREAM 'IHDR' 16 13
2017-07-04 20:21:13,788: DEBUG: STREAM 'pHYs' 41 9
2017-07-04 20:21:13,788: DEBUG: STREAM 'IDAT' 62 4096
2017-07-04 20:21:13,851: DEBUG: Returns: ('middle', 1.0)
2017-07-04 20:21:13,851: DEBUG: do_POST = 1: 1.20692586899, 2: 0.000198125839233, 3: 0.0656189918518, 4: 7.10487365723e-05
2017-07-04 20:21:13,851: DEBUG: All do_post = 1.27325105667
2017-07-04 20:21:13,851: DEBUG: Garbage collector: lvl1 = 102, lvl2 = 7, lvl3 = 4
2017-07-04 20:22:46,000: DEBUG: Number of forward = 0
2017-07-04 20:22:46,451: DEBUG: STREAM 'IHDR' 16 13
2017-07-04 20:22:46,452: DEBUG: STREAM 'pHYs' 41 9
2017-07-04 20:22:46,452: DEBUG: STREAM 'IDAT' 62 4096
2017-07-04 20:22:46,510: DEBUG: Returns: ('low', 0.99950409)
2017-07-04 20:22:46,511: DEBUG: do_POST = 1: 0.449971914291, 2: 8.39233398438e-05, 3: 0.0597720146179, 4: 6.60419464111e-05
2017-07-04 20:22:46,511: DEBUG: All do_post = 0.510314941406
2017-07-04 20:22:46,511: DEBUG: Garbage collector: lvl1 = 113, lvl2 = 7, lvl3 = 4
2017-07-04 20:22:54,818: DEBUG: Number of forward = 0
2017-07-04 20:22:55,287: DEBUG: STREAM 'IHDR' 16 13
2017-07-04 20:22:55,288: DEBUG: STREAM 'pHYs' 41 9
2017-07-04 20:22:55,288: DEBUG: STREAM 'IDAT' 62 4096
2017-07-04 20:22:55,339: DEBUG: Returns: ('low', 0.99950409)
2017-07-04 20:22:55,339: DEBUG: do_POST = 1: 0.466485977173, 2: 0.000192165374756, 3: 0.0537719726562, 4: 7.20024108887e-05
2017-07-04 20:22:55,339: DEBUG: All do_post = 0.520961046219
2017-07-04 20:22:55,339: DEBUG: Garbage collector: lvl1 = 124, lvl2 = 7, lvl3 = 4
2017-07-04 20:23:05,172: DEBUG: Number of forward = 0
2017-07-04 20:23:05,644: DEBUG: STREAM 'IHDR' 16 13
2017-07-04 20:23:05,644: DEBUG: STREAM 'pHYs' 41 9
2017-07-04 20:23:05,644: DEBUG: STREAM 'IDAT' 62 4096
2017-07-04 20:23:05,695: DEBUG: Returns: ('middle', 1.0)
2017-07-04 20:23:05,696: DEBUG: do_POST = 1: 0.469033956528, 2: 0.00019907951355, 3: 0.0539059638977, 4: 7.00950622559e-05
2017-07-04 20:23:05,696: DEBUG: All do_post = 0.523592948914
2017-07-04 20:23:05,696: DEBUG: Garbage collector: lvl1 = 135, lvl2 = 7, lvl3 = 4
2017-07-04 20:23:27,626: DEBUG: Number of forward = 0
2017-07-04 20:23:28,071: DEBUG: STREAM 'IHDR' 16 13
2017-07-04 20:23:28,072: DEBUG: STREAM 'pHYs' 41 9
2017-07-04 20:23:28,072: DEBUG: STREAM 'IDAT' 62 4096
2017-07-04 20:23:28,132: DEBUG: Returns: ('middle', 0.99754274)
2017-07-04 20:23:28,133: DEBUG: do_POST = 1: 0.443243980408, 2: 0.000192165374756, 3: 0.0632569789886, 4: 6.89029693604e-05
2017-07-04 20:23:28,133: DEBUG: All do_post = 0.507219076157
2017-07-04 20:23:28,133: DEBUG: Garbage collector: lvl1 = 146, lvl2 = 7, lvl3 = 4
2017-07-04 20:25:59,178: DEBUG: Number of forward = 0
2017-07-04 20:25:59,973: DEBUG: STREAM 'IHDR' 16 13
2017-07-04 20:25:59,973: DEBUG: STREAM 'pHYs' 41 9
2017-07-04 20:25:59,973: DEBUG: STREAM 'IDAT' 62 4096
2017-07-04 20:26:00,041: DEBUG: Returns: ('low', 0.99950409)
2017-07-04 20:26:00,042: DEBUG: do_POST = 1: 0.792690038681, 2: 0.00019097328186, 3: 0.0707330703735, 4: 7.10487365723e-05
2017-07-04 20:26:00,042: DEBUG: All do_post = 0.864125013351
2017-07-04 20:26:00,042: DEBUG: Garbage collector: lvl1 = 157, lvl2 = 7, lvl3 = 4
2017-07-04 20:26:46,260: DEBUG: Number of forward = 0
2017-07-04 20:26:47,054: DEBUG: STREAM 'IHDR' 16 13
2017-07-04 20:26:47,054: DEBUG: STREAM 'pHYs' 41 9
2017-07-04 20:26:47,054: DEBUG: STREAM 'IDAT' 62 4096
2017-07-04 20:26:47,128: DEBUG: Returns: ('low', 0.99950409)
2017-07-04 20:26:47,128: DEBUG: do_POST = 1: 0.790994882584, 2: 0.00019097328186, 3: 0.076639175415, 4: 7.08103179932e-05
2017-07-04 20:26:47,128: DEBUG: All do_post = 0.86828994751
2017-07-04 20:26:47,128: DEBUG: Garbage collector: lvl1 = 168, lvl2 = 7, lvl3 = 4
2017-07-04 20:27:16,238: DEBUG: Number of forward = 0
2017-07-04 20:27:16,809: DEBUG: STREAM 'IHDR' 16 13
2017-07-04 20:27:16,809: DEBUG: STREAM 'pHYs' 41 9
2017-07-04 20:27:16,809: DEBUG: STREAM 'IDAT' 62 4096
2017-07-04 20:27:16,879: DEBUG: Returns: ('low', 0.99950409)
2017-07-04 20:27:16,879: DEBUG: do_POST = 1: 0.568525075912, 2: 0.00019097328186, 3: 0.0725381374359, 4: 7.10487365723e-05
2017-07-04 20:27:16,879: DEBUG: All do_post = 0.641718864441
2017-07-04 20:27:16,879: DEBUG: Garbage collector: lvl1 = 179, lvl2 = 7, lvl3 = 4
2017-07-04 20:27:58,299: DEBUG: Number of forward = 0
2017-07-04 20:27:58,777: DEBUG: STREAM 'IHDR' 16 13
2017-07-04 20:27:58,778: DEBUG: STREAM 'pHYs' 41 9
2017-07-04 20:27:58,778: DEBUG: STREAM 'IDAT' 62 4096
2017-07-04 20:27:58,849: DEBUG: Returns: ('low', 0.99950409)
2017-07-04 20:27:58,850: DEBUG: do_POST = 1: 0.476068973541, 2: 0.000190019607544, 3: 0.0741939544678, 4: 6.91413879395e-05
2017-07-04 20:27:58,850: DEBUG: All do_post = 0.550940036774
2017-07-04 20:27:58,850: DEBUG: Garbage collector: lvl1 = 190, lvl2 = 7, lvl3 = 4
2017-07-04 20:28:26,667: DEBUG: Number of forward = 0
2017-07-04 20:28:27,093: DEBUG: STREAM 'IHDR' 16 13
2017-07-04 20:28:27,094: DEBUG: STREAM 'pHYs' 41 9
2017-07-04 20:28:27,094: DEBUG: STREAM 'IDAT' 62 4096
2017-07-04 20:28:27,162: DEBUG: Returns: ('low', 0.99950409)
2017-07-04 20:28:27,162: DEBUG: do_POST = 1: 0.423469781876, 2: 0.000190019607544, 3: 0.0712621212006, 4: 7.20024108887e-05
2017-07-04 20:28:27,163: DEBUG: All do_post = 0.495399951935
2017-07-04 20:28:27,163: DEBUG: Garbage collector: lvl1 = 201, lvl2 = 7, lvl3 = 4
2017-07-04 20:28:31,479: DEBUG: Number of forward = 0
2017-07-04 20:28:31,980: DEBUG: STREAM 'IHDR' 16 13
2017-07-04 20:28:31,980: DEBUG: STREAM 'pHYs' 41 9
2017-07-04 20:28:31,981: DEBUG: STREAM 'IDAT' 62 4096
2017-07-04 20:28:32,032: DEBUG: Returns: ('middle', 1.0)
2017-07-04 20:28:32,033: DEBUG: do_POST = 1: 0.498118162155, 2: 0.000198841094971, 3: 0.0546469688416, 4: 7.20024108887e-05
2017-07-04 20:28:32,033: DEBUG: All do_post = 0.553412914276
2017-07-04 20:28:32,033: DEBUG: Garbage collector: lvl1 = 212, lvl2 = 7, lvl3 = 4
2017-07-04 20:28:36,169: DEBUG: Number of forward = 0
2017-07-04 20:28:36,614: DEBUG: STREAM 'IHDR' 16 13
2017-07-04 20:28:36,615: DEBUG: STREAM 'pHYs' 41 9
2017-07-04 20:28:36,615: DEBUG: STREAM 'IDAT' 62 4096
2017-07-04 20:28:36,666: DEBUG: Returns: ('middle', 0.99754274)
2017-07-04 20:28:36,666: DEBUG: do_POST = 1: 0.442775964737, 2: 0.000194072723389, 3: 0.053601026535, 4: 7.29560852051e-05
2017-07-04 20:28:36,666: DEBUG: All do_post = 0.497019052505
2017-07-04 20:28:36,666: DEBUG: Garbage collector: lvl1 = 222, lvl2 = 7, lvl3 = 4
2017-07-04 20:28:41,728: DEBUG: Number of forward = 0
2017-07-04 20:28:42,172: DEBUG: STREAM 'IHDR' 16 13
2017-07-04 20:28:42,173: DEBUG: STREAM 'pHYs' 41 9
2017-07-04 20:28:42,173: DEBUG: STREAM 'IDAT' 62 4096
2017-07-04 20:28:42,225: DEBUG: Returns: ('middle', 0.99894375)
2017-07-04 20:28:42,225: DEBUG: do_POST = 1: 0.441789150238, 2: 0.000208854675293, 3: 0.0549039840698, 4: 7.00950622559e-05
2017-07-04 20:28:42,225: DEBUG: All do_post = 0.497377872467
2017-07-04 20:28:42,225: DEBUG: Garbage collector: lvl1 = 228, lvl2 = 7, lvl3 = 4
2017-07-04 20:28:47,122: DEBUG: Number of forward = 0
2017-07-04 20:28:47,512: DEBUG: STREAM 'IHDR' 16 13
2017-07-04 20:28:47,512: DEBUG: STREAM 'pHYs' 41 9
2017-07-04 20:28:47,512: DEBUG: STREAM 'IDAT' 62 4096
2017-07-04 20:28:47,564: DEBUG: Returns: ('high', 0.99995244)
2017-07-04 20:28:47,564: DEBUG: do_POST = 1: 0.387022972107, 2: 0.000186920166016, 3: 0.0542070865631, 4: 7.00950622559e-05
2017-07-04 20:28:47,564: DEBUG: All do_post = 0.441919088364
2017-07-04 20:28:47,564: DEBUG: Garbage collector: lvl1 = 234, lvl2 = 7, lvl3 = 4
2017-07-04 20:29:41,207: DEBUG: Number of forward = 0
2017-07-04 20:29:41,755: DEBUG: STREAM 'IHDR' 16 13
2017-07-04 20:29:41,755: DEBUG: STREAM 'pHYs' 41 9
2017-07-04 20:29:41,755: DEBUG: STREAM 'IDAT' 62 4096
2017-07-04 20:29:41,822: DEBUG: Returns: ('high', 0.99996293)
2017-07-04 20:29:41,823: DEBUG: do_POST = 1: 0.544623851776, 2: 0.000211954116821, 3: 0.0700640678406, 4: 7.20024108887e-05
2017-07-04 20:29:41,823: DEBUG: All do_post = 0.615395069122
2017-07-04 20:29:41,823: DEBUG: Garbage collector: lvl1 = 240, lvl2 = 7, lvl3 = 4
2017-07-04 20:29:48,743: DEBUG: Number of forward = 0
2017-07-04 20:29:49,246: DEBUG: STREAM 'IHDR' 16 13
2017-07-04 20:29:49,247: DEBUG: STREAM 'pHYs' 41 9
2017-07-04 20:29:49,247: DEBUG: STREAM 'IDAT' 62 4096
2017-07-04 20:29:49,298: DEBUG: Returns: ('low', 0.99999988)
2017-07-04 20:29:49,298: DEBUG: do_POST = 1: 0.501030921936, 2: 0.000185012817383, 3: 0.0538809299469, 4: 7.20024108887e-05
2017-07-04 20:29:49,298: DEBUG: All do_post = 0.555550813675
2017-07-04 20:29:49,298: DEBUG: Garbage collector: lvl1 = 246, lvl2 = 7, lvl3 = 4
2017-07-04 20:32:34,895: DEBUG: Number of forward = 0
2017-07-04 20:32:34,905: DEBUG: STREAM 'IHDR' 16 13
2017-07-04 20:32:34,905: DEBUG: STREAM 'pHYs' 41 9
2017-07-04 20:32:34,905: DEBUG: STREAM 'IDAT' 62 4096
2017-07-04 20:32:34,972: DEBUG: Returns: ('low', 0.99950409)
2017-07-04 20:32:34,972: DEBUG: do_POST = 1: 0.0091028213501, 2: 5.50746917725e-05, 3: 0.0677089691162, 4: 7.00950622559e-05
2017-07-04 20:32:34,972: DEBUG: All do_post = 0.0774800777435
2017-07-04 20:32:34,972: DEBUG: Garbage collector: lvl1 = 252, lvl2 = 7, lvl3 = 4
2017-07-04 20:32:40,511: DEBUG: Number of forward = 0
2017-07-04 20:32:40,526: DEBUG: STREAM 'IHDR' 16 13
2017-07-04 20:32:40,527: DEBUG: STREAM 'pHYs' 41 9
2017-07-04 20:32:40,527: DEBUG: STREAM 'IDAT' 62 4096
2017-07-04 20:32:40,578: DEBUG: Returns: ('middle', 1.0)
2017-07-04 20:32:40,578: DEBUG: do_POST = 1: 0.0148358345032, 2: 6.00814819336e-05, 3: 0.0522148609161, 4: 7.00950622559e-05
2017-07-04 20:32:40,578: DEBUG: All do_post = 0.0676729679108
2017-07-04 20:32:40,578: DEBUG: Garbage collector: lvl1 = 258, lvl2 = 7, lvl3 = 4
2017-07-04 20:32:45,712: DEBUG: Number of forward = 0
2017-07-04 20:32:45,729: DEBUG: STREAM 'IHDR' 16 13
2017-07-04 20:32:45,729: DEBUG: STREAM 'pHYs' 41 9
2017-07-04 20:32:45,729: DEBUG: STREAM 'IDAT' 62 4096
2017-07-04 20:32:45,780: DEBUG: Returns: ('low', 0.99999988)
2017-07-04 20:32:45,780: DEBUG: do_POST = 1: 0.00964498519897, 2: 5.60283660889e-05, 3: 0.0514688491821, 4: 7.00950622559e-05
2017-07-04 20:32:45,780: DEBUG: All do_post = 0.068342924118
2017-07-04 20:32:45,780: DEBUG: Garbage collector: lvl1 = 264, lvl2 = 7, lvl3 = 4
2017-07-04 20:32:49,697: DEBUG: Number of forward = 0
2017-07-04 20:32:49,708: DEBUG: STREAM 'IHDR' 16 13
2017-07-04 20:32:49,708: DEBUG: STREAM 'pHYs' 41 9
2017-07-04 20:32:49,708: DEBUG: STREAM 'IDAT' 62 4096
2017-07-04 20:32:49,758: DEBUG: Returns: ('middle', 0.99999928)
2017-07-04 20:32:49,758: DEBUG: do_POST = 1: 0.00980114936829, 2: 5.60283660889e-05, 3: 0.0510218143463, 4: 6.91413879395e-05
2017-07-04 20:32:49,758: DEBUG: All do_post = 0.0614559650421
2017-07-04 20:32:49,759: DEBUG: Garbage collector: lvl1 = 270, lvl2 = 7, lvl3 = 4
2017-07-04 20:32:52,275: DEBUG: Number of forward = 0
2017-07-04 20:32:52,285: DEBUG: STREAM 'IHDR' 16 13
2017-07-04 20:32:52,285: DEBUG: STREAM 'pHYs' 41 9
2017-07-04 20:32:52,285: DEBUG: STREAM 'IDAT' 62 4096
2017-07-04 20:32:52,336: DEBUG: Returns: ('high', 0.99998975)
2017-07-04 20:32:52,336: DEBUG: do_POST = 1: 0.00886392593384, 2: 5.31673431396e-05, 3: 0.0516049861908, 4: 7.10487365723e-05
2017-07-04 20:32:52,336: DEBUG: All do_post = 0.0610702037811
2017-07-04 20:32:52,336: DEBUG: Garbage collector: lvl1 = 276, lvl2 = 7, lvl3 = 4
2017-07-04 22:01:51,952: DEBUG: Number of forward = 0
2017-07-04 22:01:51,962: DEBUG: STREAM 'IHDR' 16 13
2017-07-04 22:01:51,963: DEBUG: STREAM 'pHYs' 41 9
2017-07-04 22:01:51,963: DEBUG: STREAM 'IDAT' 62 4096
2017-07-04 22:01:52,037: DEBUG: Returns: ('high', 0.99998665)
2017-07-04 22:01:52,037: DEBUG: do_POST = 1: 0.00907492637634, 2: 5.29289245605e-05, 3: 0.0747210979462, 4: 7.08103179932e-05
2017-07-04 22:01:52,037: DEBUG: All do_post = 0.0844638347626
2017-07-04 22:01:52,037: DEBUG: Garbage collector: lvl1 = 282, lvl2 = 7, lvl3 = 4
2017-07-04 22:01:58,731: DEBUG: Number of forward = 0
2017-07-04 22:01:58,740: DEBUG: STREAM 'IHDR' 16 13
2017-07-04 22:01:58,740: DEBUG: STREAM 'pHYs' 41 9
2017-07-04 22:01:58,740: DEBUG: STREAM 'IDAT' 62 4096
2017-07-04 22:01:58,790: DEBUG: Returns: ('middle', 0.99999511)
2017-07-04 22:01:58,791: DEBUG: do_POST = 1: 0.00819301605225, 2: 4.60147857666e-05, 3: 0.0510859489441, 4: 7.00950622559e-05
2017-07-04 22:01:58,791: DEBUG: All do_post = 0.0598900318146
2017-07-04 22:01:58,791: DEBUG: Garbage collector: lvl1 = 288, lvl2 = 7, lvl3 = 4
2017-07-04 22:02:58,873: DEBUG: Number of forward = 0
2017-07-04 22:02:58,883: DEBUG: STREAM 'IHDR' 16 13
2017-07-04 22:02:58,883: DEBUG: STREAM 'pHYs' 41 9
2017-07-04 22:02:58,883: DEBUG: STREAM 'IDAT' 62 4096
2017-07-04 22:02:58,946: DEBUG: Returns: ('high', 0.9999913)
2017-07-04 22:02:58,946: DEBUG: do_POST = 1: 0.00948905944824, 2: 5.19752502441e-05, 3: 0.0637578964233, 4: 6.91413879395e-05
2017-07-04 22:02:58,946: DEBUG: All do_post = 0.0738959312439
2017-07-04 22:02:58,946: DEBUG: Garbage collector: lvl1 = 294, lvl2 = 7, lvl3 = 4
2017-07-04 22:03:05,283: DEBUG: Number of forward = 0
2017-07-04 22:03:05,292: DEBUG: STREAM 'IHDR' 16 13
2017-07-04 22:03:05,292: DEBUG: STREAM 'pHYs' 41 9
2017-07-04 22:03:05,293: DEBUG: STREAM 'IDAT' 62 4096
2017-07-04 22:03:05,343: DEBUG: Returns: ('middle', 0.99999511)
2017-07-04 22:03:05,343: DEBUG: do_POST = 1: 0.00863599777222, 2: 4.72068786621e-05, 3: 0.051032781601, 4: 7.60555267334e-05
2017-07-04 22:03:05,343: DEBUG: All do_post = 0.0602660179138
2017-07-04 22:03:05,343: DEBUG: Garbage collector: lvl1 = 300, lvl2 = 7, lvl3 = 4
2017-07-04 22:05:28,412: DEBUG: Number of forward = 0
2017-07-04 22:05:28,423: DEBUG: STREAM 'IHDR' 16 13
2017-07-04 22:05:28,423: DEBUG: STREAM 'pHYs' 41 9
2017-07-04 22:05:28,424: DEBUG: STREAM 'IDAT' 62 4096
2017-07-04 22:05:28,491: DEBUG: Returns: ('high', 0.99991369)
2017-07-04 22:05:28,491: DEBUG: do_POST = 1: 0.00993800163269, 2: 5.88893890381e-05, 3: 0.0679521560669, 4: 6.89029693604e-05
2017-07-04 22:05:28,491: DEBUG: All do_post = 0.0785269737244
2017-07-04 22:05:28,491: DEBUG: Garbage collector: lvl1 = 306, lvl2 = 7, lvl3 = 4
2017-07-04 22:06:35,910: DEBUG: Number of forward = 0
2017-07-04 22:06:35,919: DEBUG: STREAM 'IHDR' 16 13
2017-07-04 22:06:35,919: DEBUG: STREAM 'pHYs' 41 9
2017-07-04 22:06:35,919: DEBUG: STREAM 'IDAT' 62 4096
2017-07-04 22:06:35,979: DEBUG: Returns: ('high', 0.9998976)
2017-07-04 22:06:35,979: DEBUG: do_POST = 1: 0.00860905647278, 2: 5.19752502441e-05, 3: 0.0601360797882, 4: 6.98566436768e-05
2017-07-04 22:06:35,979: DEBUG: All do_post = 0.0693879127502
2017-07-04 22:06:35,979: DEBUG: Garbage collector: lvl1 = 312, lvl2 = 7, lvl3 = 4
2017-07-04 22:06:39,891: DEBUG: Number of forward = 0
2017-07-04 22:06:39,901: DEBUG: STREAM 'IHDR' 16 13
2017-07-04 22:06:39,901: DEBUG: STREAM 'pHYs' 41 9
2017-07-04 22:06:39,901: DEBUG: STREAM 'IDAT' 62 4096
2017-07-04 22:06:39,951: DEBUG: Returns: ('middle', 0.99999511)
2017-07-04 22:06:39,951: DEBUG: do_POST = 1: 0.00882601737976, 2: 4.6968460083e-05, 3: 0.0509641170502, 4: 7.00950622559e-05
2017-07-04 22:06:39,951: DEBUG: All do_post = 0.0603730678558
2017-07-04 22:06:39,951: DEBUG: Garbage collector: lvl1 = 318, lvl2 = 7, lvl3 = 4
2017-07-04 22:07:59,720: DEBUG: Number of forward = 0
2017-07-04 22:07:59,731: DEBUG: STREAM 'IHDR' 16 13
2017-07-04 22:07:59,731: DEBUG: STREAM 'pHYs' 41 9
2017-07-04 22:07:59,731: DEBUG: STREAM 'IDAT' 62 4096
2017-07-04 22:07:59,799: DEBUG: Returns: ('high', 0.9999913)
2017-07-04 22:07:59,800: DEBUG: do_POST = 1: 0.00922322273254, 2: 5.07831573486e-05, 3: 0.0694310665131, 4: 7.10487365723e-05
2017-07-04 22:07:59,800: DEBUG: All do_post = 0.0792660713196
2017-07-04 22:07:59,800: DEBUG: Garbage collector: lvl1 = 324, lvl2 = 7, lvl3 = 4
2017-07-04 22:08:26,501: DEBUG: Number of forward = 0
2017-07-04 22:08:26,511: DEBUG: STREAM 'IHDR' 16 13
2017-07-04 22:08:26,511: DEBUG: STREAM 'pHYs' 41 9
2017-07-04 22:08:26,511: DEBUG: STREAM 'IDAT' 62 4096
2017-07-04 22:08:26,582: DEBUG: Returns: ('high', 0.99998665)
2017-07-04 22:08:26,582: DEBUG: do_POST = 1: 0.00941491127014, 2: 5.41210174561e-05, 3: 0.0710070133209, 4: 6.98566436768e-05
2017-07-04 22:08:26,582: DEBUG: All do_post = 0.081032037735
2017-07-04 22:08:26,582: DEBUG: Garbage collector: lvl1 = 330, lvl2 = 7, lvl3 = 4
2017-07-04 22:08:36,056: DEBUG: Number of forward = 0
2017-07-04 22:08:36,065: DEBUG: STREAM 'IHDR' 16 13
2017-07-04 22:08:36,065: DEBUG: STREAM 'pHYs' 41 9
2017-07-04 22:08:36,065: DEBUG: STREAM 'IDAT' 62 4096
2017-07-04 22:08:36,115: DEBUG: Returns: ('middle', 0.99999511)
2017-07-04 22:08:36,115: DEBUG: do_POST = 1: 0.00836896896362, 2: 4.60147857666e-05, 3: 0.0505480766296, 4: 7.00950622559e-05
2017-07-04 22:08:36,115: DEBUG: All do_post = 0.0595560073853
2017-07-04 22:08:36,115: DEBUG: Garbage collector: lvl1 = 336, lvl2 = 7, lvl3 = 4
2017-07-04 22:24:50,061: DEBUG: Number of forward = 0
2017-07-04 22:24:50,071: DEBUG: STREAM 'IHDR' 16 13
2017-07-04 22:24:50,071: DEBUG: STREAM 'pHYs' 41 9
2017-07-04 22:24:50,071: DEBUG: STREAM 'IDAT' 62 4096
2017-07-04 22:24:50,138: DEBUG: Returns: ('low', 0.99999285)
2017-07-04 22:24:50,139: DEBUG: do_POST = 1: 0.00942802429199, 2: 5.3882598877e-05, 3: 0.067794084549, 4: 6.98566436768e-05
2017-07-04 22:24:50,139: DEBUG: All do_post = 0.0779139995575
2017-07-04 22:24:50,139: DEBUG: Garbage collector: lvl1 = 342, lvl2 = 7, lvl3 = 4
2017-07-04 22:24:57,213: DEBUG: Number of forward = 0
2017-07-04 22:24:57,223: DEBUG: STREAM 'IHDR' 16 13
2017-07-04 22:24:57,224: DEBUG: STREAM 'pHYs' 41 9
2017-07-04 22:24:57,224: DEBUG: STREAM 'IDAT' 62 4096
2017-07-04 22:24:57,274: DEBUG: Returns: ('low', 0.99999475)
2017-07-04 22:24:57,274: DEBUG: do_POST = 1: 0.00907492637634, 2: 5.60283660889e-05, 3: 0.0510330200195, 4: 6.98566436768e-05
2017-07-04 22:24:57,274: DEBUG: All do_post = 0.0607349872589
2017-07-04 22:24:57,274: DEBUG: Garbage collector: lvl1 = 348, lvl2 = 7, lvl3 = 4
2017-07-04 22:25:12,946: DEBUG: Number of forward = 0
2017-07-04 22:25:12,956: DEBUG: STREAM 'IHDR' 16 13
2017-07-04 22:25:12,956: DEBUG: STREAM 'pHYs' 41 9
2017-07-04 22:25:12,956: DEBUG: STREAM 'IDAT' 62 4096
2017-07-04 22:25:13,006: DEBUG: Returns: ('high', 0.99997258)
2017-07-04 22:25:13,006: DEBUG: do_POST = 1: 0.00939679145813, 2: 4.91142272949e-05, 3: 0.0506520271301, 4: 6.89029693604e-05
2017-07-04 22:25:13,006: DEBUG: All do_post = 0.0606558322906
2017-07-04 22:25:13,006: DEBUG: Garbage collector: lvl1 = 354, lvl2 = 7, lvl3 = 4
2017-07-04 22:25:20,623: DEBUG: Number of forward = 0
2017-07-04 22:25:20,634: DEBUG: STREAM 'IHDR' 16 13
2017-07-04 22:25:20,634: DEBUG: STREAM 'pHYs' 41 9
2017-07-04 22:25:20,634: DEBUG: STREAM 'IDAT' 62 4096
2017-07-04 22:25:20,685: DEBUG: Returns: ('high', 0.99998868)
2017-07-04 22:25:20,685: DEBUG: do_POST = 1: 0.00994896888733, 2: 6.19888305664e-05, 3: 0.0513370037079, 4: 6.79492950439e-05
2017-07-04 22:25:20,685: DEBUG: All do_post = 0.0619120597839
2017-07-04 22:25:20,685: DEBUG: Garbage collector: lvl1 = 360, lvl2 = 7, lvl3 = 4
2017-07-04 22:25:33,189: DEBUG: Number of forward = 0
2017-07-04 22:25:33,200: DEBUG: STREAM 'IHDR' 16 13
2017-07-04 22:25:33,200: DEBUG: STREAM 'pHYs' 41 9
2017-07-04 22:25:33,200: DEBUG: STREAM 'IDAT' 62 4096
2017-07-04 22:25:33,250: DEBUG: Returns: ('low', 0.99999976)
2017-07-04 22:25:33,250: DEBUG: do_POST = 1: 0.00981497764587, 2: 5.50746917725e-05, 3: 0.0511639118195, 4: 7.00950622559e-05
2017-07-04 22:25:33,250: DEBUG: All do_post = 0.0615978240967
2017-07-04 22:25:33,250: DEBUG: Garbage collector: lvl1 = 366, lvl2 = 7, lvl3 = 4
2017-07-04 22:26:35,531: DEBUG: Number of forward = 0
2017-07-04 22:26:35,541: DEBUG: STREAM 'IHDR' 16 13
2017-07-04 22:26:35,541: DEBUG: STREAM 'pHYs' 41 9
2017-07-04 22:26:35,541: DEBUG: STREAM 'IDAT' 62 4096
2017-07-04 22:26:35,609: DEBUG: Returns: ('low', 0.99999988)
2017-07-04 22:26:35,609: DEBUG: do_POST = 1: 0.00904107093811, 2: 5.19752502441e-05, 3: 0.0681488513947, 4: 6.91413879395e-05
2017-07-04 22:26:35,609: DEBUG: All do_post = 0.0778379440308
2017-07-04 22:26:35,609: DEBUG: Garbage collector: lvl1 = 372, lvl2 = 7, lvl3 = 4
2017-07-04 22:26:41,986: DEBUG: Number of forward = 0
2017-07-04 22:26:41,997: DEBUG: STREAM 'IHDR' 16 13
2017-07-04 22:26:41,997: DEBUG: STREAM 'pHYs' 41 9
2017-07-04 22:26:41,997: DEBUG: STREAM 'IDAT' 62 4096
2017-07-04 22:26:42,048: DEBUG: Returns: ('high', 0.99991369)
2017-07-04 22:26:42,048: DEBUG: do_POST = 1: 0.00983095169067, 2: 5.50746917725e-05, 3: 0.0512690544128, 4: 6.89029693604e-05
2017-07-04 22:26:42,048: DEBUG: All do_post = 0.0617151260376
2017-07-04 22:26:42,048: DEBUG: Garbage collector: lvl1 = 378, lvl2 = 7, lvl3 = 4
2017-07-04 22:26:51,564: DEBUG: Number of forward = 0
2017-07-04 22:26:51,574: DEBUG: STREAM 'IHDR' 16 13
2017-07-04 22:26:51,574: DEBUG: STREAM 'pHYs' 41 9
2017-07-04 22:26:51,574: DEBUG: STREAM 'IDAT' 62 4096
2017-07-04 22:26:51,624: DEBUG: Returns: ('middle', 0.99999511)
2017-07-04 22:26:51,625: DEBUG: do_POST = 1: 0.00866603851318, 2: 4.79221343994e-05, 3: 0.051194190979, 4: 7.08103179932e-05
2017-07-04 22:26:51,625: DEBUG: All do_post = 0.0604541301727
2017-07-04 22:26:51,625: DEBUG: Garbage collector: lvl1 = 384, lvl2 = 7, lvl3 = 4
2017-07-04 22:27:07,461: DEBUG: Number of forward = 0
2017-07-04 22:27:07,471: DEBUG: STREAM 'IHDR' 16 13
2017-07-04 22:27:07,471: DEBUG: STREAM 'pHYs' 41 9
2017-07-04 22:27:07,471: DEBUG: STREAM 'IDAT' 62 4096
2017-07-04 22:27:07,522: DEBUG: Returns: ('low', 0.99999475)
2017-07-04 22:27:07,522: DEBUG: do_POST = 1: 0.00910496711731, 2: 5.29289245605e-05, 3: 0.0509281158447, 4: 6.89029693604e-05
2017-07-04 22:27:07,522: DEBUG: All do_post = 0.0606510639191
2017-07-04 22:27:07,522: DEBUG: Garbage collector: lvl1 = 390, lvl2 = 7, lvl3 = 4
2017-07-04 22:28:08,517: DEBUG: Number of forward = 0
2017-07-04 22:28:08,527: DEBUG: STREAM 'IHDR' 16 13
2017-07-04 22:28:08,527: DEBUG: STREAM 'pHYs' 41 9
2017-07-04 22:28:08,527: DEBUG: STREAM 'IDAT' 62 4096
2017-07-04 22:28:08,596: DEBUG: Returns: ('middle', 0.99989688)
2017-07-04 22:28:08,596: DEBUG: do_POST = 1: 0.00917196273804, 2: 5.3882598877e-05, 3: 0.0698931217194, 4: 6.98566436768e-05
2017-07-04 22:28:08,597: DEBUG: All do_post = 0.0797159671783
2017-07-04 22:28:08,597: DEBUG: Garbage collector: lvl1 = 396, lvl2 = 7, lvl3 = 4
2017-07-04 22:28:12,395: DEBUG: Number of forward = 0
2017-07-04 22:28:12,407: DEBUG: STREAM 'IHDR' 16 13
2017-07-04 22:28:12,407: DEBUG: STREAM 'pHYs' 41 9
2017-07-04 22:28:12,407: DEBUG: STREAM 'IDAT' 62 4096
2017-07-04 22:28:12,459: DEBUG: Returns: ('high', 0.99997878)
2017-07-04 22:28:12,459: DEBUG: do_POST = 1: 0.0106098651886, 2: 6.31809234619e-05, 3: 0.0522937774658, 4: 7.10487365723e-05
2017-07-04 22:28:12,459: DEBUG: All do_post = 0.0635139942169
2017-07-04 22:28:12,459: DEBUG: Garbage collector: lvl1 = 402, lvl2 = 7, lvl3 = 4
2017-07-04 22:28:25,225: DEBUG: Number of forward = 0
2017-07-04 22:28:25,235: DEBUG: STREAM 'IHDR' 16 13
2017-07-04 22:28:25,235: DEBUG: STREAM 'pHYs' 41 9
2017-07-04 22:28:25,235: DEBUG: STREAM 'IDAT' 62 4096
2017-07-04 22:28:25,286: DEBUG: Returns: ('low', 0.99999869)
2017-07-04 22:28:25,286: DEBUG: do_POST = 1: 0.00943899154663, 2: 5.60283660889e-05, 3: 0.051164150238, 4: 6.98566436768e-05
2017-07-04 22:28:25,286: DEBUG: All do_post = 0.061233997345
2017-07-04 22:28:25,286: DEBUG: Garbage collector: lvl1 = 408, lvl2 = 7, lvl3 = 4
2017-07-04 22:34:29,848: DEBUG: Number of forward = 0
2017-07-04 22:34:29,858: DEBUG: STREAM 'IHDR' 16 13
2017-07-04 22:34:29,858: DEBUG: STREAM 'pHYs' 41 9
2017-07-04 22:34:29,858: DEBUG: STREAM 'IDAT' 62 4096
2017-07-04 22:34:29,923: DEBUG: Returns: ('low', 1.0)
2017-07-04 22:34:29,923: DEBUG: do_POST = 1: 0.00911116600037, 2: 5.29289245605e-05, 3: 0.0655579566956, 4: 7.10487365723e-05
2017-07-04 22:34:29,923: DEBUG: All do_post = 0.0753500461578
2017-07-04 22:34:29,924: DEBUG: Garbage collector: lvl1 = 414, lvl2 = 7, lvl3 = 4
2017-07-04 22:34:36,116: DEBUG: Number of forward = 0
2017-07-04 22:34:36,125: DEBUG: STREAM 'IHDR' 16 13
2017-07-04 22:34:36,125: DEBUG: STREAM 'pHYs' 41 9
2017-07-04 22:34:36,125: DEBUG: STREAM 'IDAT' 62 4096
2017-07-04 22:34:36,176: DEBUG: Returns: ('middle', 0.99999583)
2017-07-04 22:34:36,176: DEBUG: do_POST = 1: 0.00867700576782, 2: 5.3882598877e-05, 3: 0.0513169765472, 4: 7.20024108887e-05
2017-07-04 22:34:36,176: DEBUG: All do_post = 0.060643196106
2017-07-04 22:34:36,176: DEBUG: Garbage collector: lvl1 = 420, lvl2 = 7, lvl3 = 4
2017-07-04 22:34:52,836: DEBUG: Number of forward = 0
2017-07-04 22:34:52,846: DEBUG: STREAM 'IHDR' 16 13
2017-07-04 22:34:52,846: DEBUG: STREAM 'pHYs' 41 9
2017-07-04 22:34:52,846: DEBUG: STREAM 'IDAT' 62 4096
2017-07-04 22:34:52,897: DEBUG: Returns: ('low', 0.99999988)
2017-07-04 22:34:52,897: DEBUG: do_POST = 1: 0.00901103019714, 2: 5.41210174561e-05, 3: 0.05157995224, 4: 6.98566436768e-05
2017-07-04 22:34:52,897: DEBUG: All do_post = 0.0612161159515
2017-07-04 22:34:52,897: DEBUG: Garbage collector: lvl1 = 426, lvl2 = 7, lvl3 = 4
2017-07-04 22:35:00,247: DEBUG: Number of forward = 0
2017-07-04 22:35:00,258: DEBUG: STREAM 'IHDR' 16 13
2017-07-04 22:35:00,258: DEBUG: STREAM 'pHYs' 41 9
2017-07-04 22:35:00,258: DEBUG: STREAM 'IDAT' 62 4096
2017-07-04 22:35:00,309: DEBUG: Returns: ('middle', 0.99995112)
2017-07-04 22:35:00,309: DEBUG: do_POST = 1: 0.00981211662292, 2: 5.88893890381e-05, 3: 0.0519061088562, 4: 7.10487365723e-05
2017-07-04 22:35:00,309: DEBUG: All do_post = 0.0623281002045
2017-07-04 22:35:00,309: DEBUG: Garbage collector: lvl1 = 432, lvl2 = 7, lvl3 = 4
2017-07-04 22:36:01,723: DEBUG: Number of forward = 0
2017-07-04 22:36:01,734: DEBUG: STREAM 'IHDR' 16 13
2017-07-04 22:36:01,734: DEBUG: STREAM 'pHYs' 41 9
2017-07-04 22:36:01,734: DEBUG: STREAM 'IDAT' 62 4096
2017-07-04 22:36:01,801: DEBUG: Returns: ('high', 0.99998868)
2017-07-04 22:36:01,801: DEBUG: do_POST = 1: 0.0101552009583, 2: 6.29425048828e-05, 3: 0.0670239925385, 4: 6.79492950439e-05
2017-07-04 22:36:01,801: DEBUG: All do_post = 0.0778429508209
2017-07-04 22:36:01,801: DEBUG: Garbage collector: lvl1 = 438, lvl2 = 7, lvl3 = 4
2017-07-04 22:36:22,576: DEBUG: Number of forward = 0
2017-07-04 22:36:22,587: DEBUG: STREAM 'IHDR' 16 13
2017-07-04 22:36:22,587: DEBUG: STREAM 'pHYs' 41 9
2017-07-04 22:36:22,587: DEBUG: STREAM 'IDAT' 62 4096
2017-07-04 22:36:22,645: DEBUG: Returns: ('high', 0.99998522)
2017-07-04 22:36:22,646: DEBUG: do_POST = 1: 0.00975394248962, 2: 6.103515625e-05, 3: 0.058984041214, 4: 7.10487365723e-05
2017-07-04 22:36:22,646: DEBUG: All do_post = 0.0693480968475
2017-07-04 22:36:22,646: DEBUG: Garbage collector: lvl1 = 444, lvl2 = 7, lvl3 = 4
2017-07-04 22:36:32,555: DEBUG: Number of forward = 0
2017-07-04 22:36:32,565: DEBUG: STREAM 'IHDR' 16 13
2017-07-04 22:36:32,565: DEBUG: STREAM 'pHYs' 41 9
2017-07-04 22:36:32,565: DEBUG: STREAM 'IDAT' 62 4096
2017-07-04 22:36:32,615: DEBUG: Returns: ('middle', 0.99999511)
2017-07-04 22:36:32,616: DEBUG: do_POST = 1: 0.00848293304443, 2: 4.6968460083e-05, 3: 0.0512249469757, 4: 6.79492950439e-05
2017-07-04 22:36:32,616: DEBUG: All do_post = 0.0603089332581
2017-07-04 22:36:32,616: DEBUG: Garbage collector: lvl1 = 450, lvl2 = 7, lvl3 = 4
2017-07-04 22:36:43,887: DEBUG: Number of forward = 0
2017-07-04 22:36:43,897: DEBUG: STREAM 'IHDR' 16 13
2017-07-04 22:36:43,897: DEBUG: STREAM 'pHYs' 41 9
2017-07-04 22:36:43,897: DEBUG: STREAM 'IDAT' 62 4096
2017-07-04 22:36:43,948: DEBUG: Returns: ('high', 0.99997258)
2017-07-04 22:36:43,948: DEBUG: do_POST = 1: 0.00862503051758, 2: 4.98294830322e-05, 3: 0.0514130592346, 4: 6.91413879395e-05
2017-07-04 22:36:43,948: DEBUG: All do_post = 0.0606770515442
2017-07-04 22:36:43,948: DEBUG: Garbage collector: lvl1 = 456, lvl2 = 7, lvl3 = 4
2017-07-04 22:36:55,354: DEBUG: Number of forward = 0
2017-07-04 22:36:55,364: DEBUG: STREAM 'IHDR' 16 13
2017-07-04 22:36:55,364: DEBUG: STREAM 'pHYs' 41 9
2017-07-04 22:36:55,364: DEBUG: STREAM 'IDAT' 62 4096
2017-07-04 22:36:55,414: DEBUG: Returns: ('low', 0.9999994)
2017-07-04 22:36:55,415: DEBUG: do_POST = 1: 0.00908207893372, 2: 5.10215759277e-05, 3: 0.0512499809265, 4: 7.10487365723e-05
2017-07-04 22:36:55,415: DEBUG: All do_post = 0.0609300136566
2017-07-04 22:36:55,415: DEBUG: Garbage collector: lvl1 = 462, lvl2 = 7, lvl3 = 4
2017-07-04 22:37:03,742: DEBUG: Number of forward = 0
2017-07-04 22:37:03,752: DEBUG: STREAM 'IHDR' 16 13
2017-07-04 22:37:03,752: DEBUG: STREAM 'pHYs' 41 9
2017-07-04 22:37:03,752: DEBUG: STREAM 'IDAT' 62 4096
2017-07-04 22:37:03,803: DEBUG: Returns: ('low', 0.99999976)
2017-07-04 22:37:03,804: DEBUG: do_POST = 1: 0.00916218757629, 2: 5.3882598877e-05, 3: 0.0517880916595, 4: 6.98566436768e-05
2017-07-04 22:37:03,804: DEBUG: All do_post = 0.0615539550781
2017-07-04 22:37:03,804: DEBUG: Garbage collector: lvl1 = 468, lvl2 = 7, lvl3 = 4
2017-07-04 22:37:12,808: DEBUG: Number of forward = 0
2017-07-04 22:37:12,819: DEBUG: STREAM 'IHDR' 16 13
2017-07-04 22:37:12,819: DEBUG: STREAM 'pHYs' 41 9
2017-07-04 22:37:12,819: DEBUG: STREAM 'IDAT' 62 4096
2017-07-04 22:37:12,870: DEBUG: Returns: ('low', 0.99999976)
2017-07-04 22:37:12,870: DEBUG: do_POST = 1: 0.00977993011475, 2: 5.60283660889e-05, 3: 0.0518791675568, 4: 7.08103179932e-05
2017-07-04 22:37:12,870: DEBUG: All do_post = 0.0622899532318
2017-07-04 22:37:12,870: DEBUG: Garbage collector: lvl1 = 474, lvl2 = 7, lvl3 = 4
2017-07-04 22:37:23,297: DEBUG: Number of forward = 0
2017-07-04 22:37:23,308: DEBUG: STREAM 'IHDR' 16 13
2017-07-04 22:37:23,308: DEBUG: STREAM 'pHYs' 41 9
2017-07-04 22:37:23,308: DEBUG: STREAM 'IDAT' 62 4096
2017-07-04 22:37:23,358: DEBUG: Returns: ('middle', 0.99995112)
2017-07-04 22:37:23,359: DEBUG: do_POST = 1: 0.00991702079773, 2: 6.00814819336e-05, 3: 0.0515360832214, 4: 6.89029693604e-05
2017-07-04 22:37:23,359: DEBUG: All do_post = 0.0620589256287
2017-07-04 22:37:23,359: DEBUG: Garbage collector: lvl1 = 480, lvl2 = 7, lvl3 = 4
2017-07-04 22:38:30,583: DEBUG: Number of forward = 0
2017-07-04 22:38:30,593: DEBUG: STREAM 'IHDR' 16 13
2017-07-04 22:38:30,593: DEBUG: STREAM 'pHYs' 41 9
2017-07-04 22:38:30,593: DEBUG: STREAM 'IDAT' 62 4096
2017-07-04 22:38:30,658: DEBUG: Returns: ('low', 0.99999964)
2017-07-04 22:38:30,659: DEBUG: do_POST = 1: 0.00874090194702, 2: 5.19752502441e-05, 3: 0.0660440921783, 4: 6.89029693604e-05
2017-07-04 22:38:30,659: DEBUG: All do_post = 0.0754210948944
2017-07-04 22:38:30,659: DEBUG: Garbage collector: lvl1 = 486, lvl2 = 7, lvl3 = 4
2017-07-04 22:38:41,296: DEBUG: Number of forward = 0
2017-07-04 22:38:41,308: DEBUG: STREAM 'IHDR' 16 13
2017-07-04 22:38:41,308: DEBUG: STREAM 'pHYs' 41 9
2017-07-04 22:38:41,308: DEBUG: STREAM 'IDAT' 62 4096
2017-07-04 22:38:41,359: DEBUG: Returns: ('middle', 0.99995112)
2017-07-04 22:38:41,359: DEBUG: do_POST = 1: 0.010283946991, 2: 6.00814819336e-05, 3: 0.0519769191742, 4: 7.00950622559e-05
2017-07-04 22:38:41,359: DEBUG: All do_post = 0.0628800392151
2017-07-04 22:38:41,359: DEBUG: Garbage collector: lvl1 = 492, lvl2 = 7, lvl3 = 4
2017-07-04 22:38:53,960: DEBUG: Number of forward = 0
2017-07-04 22:38:53,970: DEBUG: STREAM 'IHDR' 16 13
2017-07-04 22:38:53,970: DEBUG: STREAM 'pHYs' 41 9
2017-07-04 22:38:53,970: DEBUG: STREAM 'IDAT' 62 4096
2017-07-04 22:38:54,021: DEBUG: Returns: ('low', 0.99999964)
2017-07-04 22:38:54,021: DEBUG: do_POST = 1: 0.00869107246399, 2: 4.98294830322e-05, 3: 0.0514740943909, 4: 7.10487365723e-05
2017-07-04 22:38:54,021: DEBUG: All do_post = 0.0607779026031
2017-07-04 22:38:54,021: DEBUG: Garbage collector: lvl1 = 498, lvl2 = 7, lvl3 = 4
2017-07-04 22:39:04,227: DEBUG: Number of forward = 0
2017-07-04 22:39:04,237: DEBUG: STREAM 'IHDR' 16 13
2017-07-04 22:39:04,238: DEBUG: STREAM 'pHYs' 41 9
2017-07-04 22:39:04,238: DEBUG: STREAM 'IDAT' 62 4096
2017-07-04 22:39:04,289: DEBUG: Returns: ('middle', 0.99999988)
2017-07-04 22:39:04,289: DEBUG: do_POST = 1: 0.00988817214966, 2: 5.79357147217e-05, 3: 0.0519819259644, 4: 7.20024108887e-05
2017-07-04 22:39:04,289: DEBUG: All do_post = 0.0624868869781
2017-07-04 22:39:04,289: DEBUG: Garbage collector: lvl1 = 504, lvl2 = 7, lvl3 = 4
2017-07-04 22:39:35,839: DEBUG: Number of forward = 0
2017-07-04 22:39:35,849: DEBUG: STREAM 'IHDR' 16 13
2017-07-04 22:39:35,849: DEBUG: STREAM 'pHYs' 41 9
2017-07-04 22:39:35,849: DEBUG: STREAM 'IDAT' 62 4096
2017-07-04 22:39:35,919: DEBUG: Returns: ('low', 1.0)
2017-07-04 22:39:35,919: DEBUG: do_POST = 1: 0.0094108581543, 2: 5.50746917725e-05, 3: 0.0701868534088, 4: 7.70092010498e-05
2017-07-04 22:39:35,919: DEBUG: All do_post = 0.0802371501923
2017-07-04 22:39:35,919: DEBUG: Garbage collector: lvl1 = 510, lvl2 = 7, lvl3 = 4
2017-07-04 22:40:34,080: DEBUG: Number of forward = 0
2017-07-04 22:40:34,090: DEBUG: STREAM 'IHDR' 16 13
2017-07-04 22:40:34,090: DEBUG: STREAM 'pHYs' 41 9
2017-07-04 22:40:34,090: DEBUG: STREAM 'IDAT' 62 4096
2017-07-04 22:40:34,149: DEBUG: Returns: ('high', 0.99996841)
2017-07-04 22:40:34,149: DEBUG: do_POST = 1: 0.00925302505493, 2: 5.00679016113e-05, 3: 0.0598518848419, 4: 7.00950622559e-05
2017-07-04 22:40:34,149: DEBUG: All do_post = 0.0697779655457
2017-07-04 22:40:34,149: DEBUG: Garbage collector: lvl1 = 516, lvl2 = 7, lvl3 = 4
2017-07-04 22:40:42,336: DEBUG: Number of forward = 0
2017-07-04 22:40:42,346: DEBUG: STREAM 'IHDR' 16 13
2017-07-04 22:40:42,346: DEBUG: STREAM 'pHYs' 41 9
2017-07-04 22:40:42,346: DEBUG: STREAM 'IDAT' 62 4096
2017-07-04 22:40:42,397: DEBUG: Returns: ('high', 0.9999851)
2017-07-04 22:40:42,397: DEBUG: do_POST = 1: 0.00919914245605, 2: 5.10215759277e-05, 3: 0.0516109466553, 4: 7.20024108887e-05
2017-07-04 22:40:42,397: DEBUG: All do_post = 0.0614409446716
2017-07-04 22:40:42,397: DEBUG: Garbage collector: lvl1 = 522, lvl2 = 7, lvl3 = 4
2017-07-04 22:44:21,283: DEBUG: Number of forward = 0
2017-07-04 22:44:21,293: DEBUG: STREAM 'IHDR' 16 13
2017-07-04 22:44:21,293: DEBUG: STREAM 'pHYs' 41 9
2017-07-04 22:44:21,293: DEBUG: STREAM 'IDAT' 62 4096
2017-07-04 22:44:21,358: DEBUG: Returns: ('high', 0.99998808)
2017-07-04 22:44:21,358: DEBUG: do_POST = 1: 0.0092568397522, 2: 5.00679016113e-05, 3: 0.0657229423523, 4: 7.00950622559e-05
2017-07-04 22:44:21,358: DEBUG: All do_post = 0.0756239891052
2017-07-04 22:44:21,358: DEBUG: Garbage collector: lvl1 = 528, lvl2 = 7, lvl3 = 4
2017-07-04 22:52:22,012: DEBUG: Number of forward = 0
2017-07-04 22:52:22,023: DEBUG: STREAM 'IHDR' 16 13
2017-07-04 22:52:22,023: DEBUG: STREAM 'pHYs' 41 9
2017-07-04 22:52:22,023: DEBUG: STREAM 'IDAT' 62 4096
2017-07-04 22:52:22,088: DEBUG: Returns: ('middle', 1.0)
2017-07-04 22:52:22,088: DEBUG: do_POST = 1: 0.00967001914978, 2: 6.00814819336e-05, 3: 0.0658779144287, 4: 7.10487365723e-05
2017-07-04 22:52:22,088: DEBUG: All do_post = 0.0762400627136
2017-07-04 22:52:22,088: DEBUG: Garbage collector: lvl1 = 534, lvl2 = 7, lvl3 = 4
2017-07-04 22:52:37,069: DEBUG: Number of forward = 0
2017-07-04 22:52:37,080: DEBUG: STREAM 'IHDR' 16 13
2017-07-04 22:52:37,080: DEBUG: STREAM 'pHYs' 41 9
2017-07-04 22:52:37,080: DEBUG: STREAM 'IDAT' 62 4096
2017-07-04 22:52:37,132: DEBUG: Returns: ('middle', 0.99998772)
2017-07-04 22:52:37,132: DEBUG: do_POST = 1: 0.0102689266205, 2: 6.29425048828e-05, 3: 0.0524020195007, 4: 7.20024108887e-05
2017-07-04 22:52:37,132: DEBUG: All do_post = 0.0633161067963
2017-07-04 22:52:37,132: DEBUG: Garbage collector: lvl1 = 540, lvl2 = 7, lvl3 = 4
2017-07-04 22:52:52,489: DEBUG: Number of forward = 0
2017-07-04 22:52:52,500: DEBUG: STREAM 'IHDR' 16 13
2017-07-04 22:52:52,501: DEBUG: STREAM 'pHYs' 41 9
2017-07-04 22:52:52,501: DEBUG: STREAM 'IDAT' 62 4096
2017-07-04 22:52:52,552: DEBUG: Returns: ('middle', 1.0)
2017-07-04 22:52:52,552: DEBUG: do_POST = 1: 0.0102760791779, 2: 6.19888305664e-05, 3: 0.0521478652954, 4: 7.20024108887e-05
2017-07-04 22:52:52,552: DEBUG: All do_post = 0.0630609989166
2017-07-04 22:52:52,552: DEBUG: Garbage collector: lvl1 = 546, lvl2 = 7, lvl3 = 4
2017-07-04 22:53:12,146: DEBUG: Number of forward = 0
2017-07-04 22:53:12,157: DEBUG: STREAM 'IHDR' 16 13
2017-07-04 22:53:12,157: DEBUG: STREAM 'pHYs' 41 9
2017-07-04 22:53:12,157: DEBUG: STREAM 'IDAT' 62 4096
2017-07-04 22:53:12,216: DEBUG: Returns: ('middle', 0.99998915)
2017-07-04 22:53:12,216: DEBUG: do_POST = 1: 0.0103440284729, 2: 6.48498535156e-05, 3: 0.059454202652, 4: 6.79492950439e-05
2017-07-04 22:53:12,216: DEBUG: All do_post = 0.0704119205475
2017-07-04 22:53:12,216: DEBUG: Garbage collector: lvl1 = 552, lvl2 = 7, lvl3 = 4
2017-07-04 22:53:27,444: DEBUG: Number of forward = 0
2017-07-04 22:53:27,455: DEBUG: STREAM 'IHDR' 16 13
2017-07-04 22:53:27,455: DEBUG: STREAM 'pHYs' 41 9
2017-07-04 22:53:27,455: DEBUG: STREAM 'IDAT' 62 4096
2017-07-04 22:53:27,506: DEBUG: Returns: ('middle', 1.0)
2017-07-04 22:53:27,506: DEBUG: do_POST = 1: 0.0100440979004, 2: 6.29425048828e-05, 3: 0.0514359474182, 4: 7.00950622559e-05
2017-07-04 22:53:27,506: DEBUG: All do_post = 0.0621581077576
2017-07-04 22:53:27,506: DEBUG: Garbage collector: lvl1 = 558, lvl2 = 7, lvl3 = 4
2017-07-04 22:53:37,650: DEBUG: Number of forward = 0
2017-07-04 22:53:37,662: DEBUG: STREAM 'IHDR' 16 13
2017-07-04 22:53:37,662: DEBUG: STREAM 'pHYs' 41 9
2017-07-04 22:53:37,662: DEBUG: STREAM 'IDAT' 62 4096
2017-07-04 22:53:37,712: DEBUG: Returns: ('middle', 0.99999988)
2017-07-04 22:53:37,712: DEBUG: do_POST = 1: 0.0104670524597, 2: 6.19888305664e-05, 3: 0.051342010498, 4: 7.00950622559e-05
2017-07-04 22:53:37,712: DEBUG: All do_post = 0.0624260902405
2017-07-04 22:53:37,713: DEBUG: Garbage collector: lvl1 = 564, lvl2 = 7, lvl3 = 4
2017-07-04 22:53:46,606: DEBUG: Number of forward = 0
2017-07-04 22:53:46,616: DEBUG: STREAM 'IHDR' 16 13
2017-07-04 22:53:46,616: DEBUG: STREAM 'pHYs' 41 9
2017-07-04 22:53:46,616: DEBUG: STREAM 'IDAT' 62 4096
2017-07-04 22:53:46,667: DEBUG: Returns: ('middle', 1.0)
2017-07-04 22:53:46,667: DEBUG: do_POST = 1: 0.00955605506897, 2: 6.19888305664e-05, 3: 0.051412820816, 4: 7.10487365723e-05
2017-07-04 22:53:46,667: DEBUG: All do_post = 0.0615909099579
2017-07-04 22:53:46,667: DEBUG: Garbage collector: lvl1 = 570, lvl2 = 7, lvl3 = 4
2017-07-04 22:54:01,672: DEBUG: Number of forward = 0
2017-07-04 22:54:01,683: DEBUG: STREAM 'IHDR' 16 13
2017-07-04 22:54:01,683: DEBUG: STREAM 'pHYs' 41 9
2017-07-04 22:54:01,683: DEBUG: STREAM 'IDAT' 62 4096
2017-07-04 22:54:01,734: DEBUG: Returns: ('middle', 1.0)
2017-07-04 22:54:01,734: DEBUG: do_POST = 1: 0.0101280212402, 2: 5.88893890381e-05, 3: 0.051342010498, 4: 7.10487365723e-05
2017-07-04 22:54:01,734: DEBUG: All do_post = 0.0620958805084
2017-07-04 22:54:01,734: DEBUG: Garbage collector: lvl1 = 576, lvl2 = 7, lvl3 = 4
2017-07-04 22:54:25,076: DEBUG: Number of forward = 0
2017-07-04 22:54:25,087: DEBUG: STREAM 'IHDR' 16 13
2017-07-04 22:54:25,087: DEBUG: STREAM 'pHYs' 41 9
2017-07-04 22:54:25,087: DEBUG: STREAM 'IDAT' 62 4096
2017-07-04 22:54:25,146: DEBUG: Returns: ('middle', 0.99999452)
2017-07-04 22:54:25,146: DEBUG: do_POST = 1: 0.0100030899048, 2: 6.38961791992e-05, 3: 0.0596959590912, 4: 7.00950622559e-05
2017-07-04 22:54:25,146: DEBUG: All do_post = 0.0703270435333
2017-07-04 22:54:25,146: DEBUG: Garbage collector: lvl1 = 582, lvl2 = 7, lvl3 = 4
2017-07-04 22:54:59,137: DEBUG: Number of forward = 0
2017-07-04 22:54:59,147: DEBUG: STREAM 'IHDR' 16 13
2017-07-04 22:54:59,147: DEBUG: STREAM 'pHYs' 41 9
2017-07-04 22:54:59,147: DEBUG: STREAM 'IDAT' 62 4096
2017-07-04 22:54:59,208: DEBUG: Returns: ('low', 1.0)
2017-07-04 22:54:59,208: DEBUG: do_POST = 1: 0.00939393043518, 2: 5.50746917725e-05, 3: 0.0620739459991, 4: 7.10487365723e-05
2017-07-04 22:54:59,209: DEBUG: All do_post = 0.0720920562744
2017-07-04 22:54:59,209: DEBUG: Garbage collector: lvl1 = 588, lvl2 = 7, lvl3 = 4
2017-07-04 22:55:22,262: DEBUG: Number of forward = 0
2017-07-04 22:55:22,273: DEBUG: STREAM 'IHDR' 16 13
2017-07-04 22:55:22,273: DEBUG: STREAM 'pHYs' 41 9
2017-07-04 22:55:22,273: DEBUG: STREAM 'IDAT' 62 4096
2017-07-04 22:55:22,336: DEBUG: Returns: ('high', 0.99998975)
2017-07-04 22:55:22,336: DEBUG: do_POST = 1: 0.00982594490051, 2: 5.41210174561e-05, 3: 0.0636959075928, 4: 6.79492950439e-05
2017-07-04 22:55:22,336: DEBUG: All do_post = 0.0741240978241
2017-07-04 22:55:22,336: DEBUG: Garbage collector: lvl1 = 594, lvl2 = 7, lvl3 = 4
2017-07-04 22:55:26,386: DEBUG: Number of forward = 0
2017-07-04 22:55:26,396: DEBUG: STREAM 'IHDR' 16 13
2017-07-04 22:55:26,396: DEBUG: STREAM 'pHYs' 41 9
2017-07-04 22:55:26,396: DEBUG: STREAM 'IDAT' 62 4096
2017-07-04 22:55:26,446: DEBUG: Returns: ('high', 0.99996638)
2017-07-04 22:55:26,447: DEBUG: do_POST = 1: 0.00943517684937, 2: 5.3882598877e-05, 3: 0.0508069992065, 4: 7.00950622559e-05
2017-07-04 22:55:26,447: DEBUG: All do_post = 0.0608079433441
2017-07-04 22:55:26,447: DEBUG: Garbage collector: lvl1 = 600, lvl2 = 7, lvl3 = 4
2017-07-04 22:55:52,839: DEBUG: Number of forward = 0
2017-07-04 22:55:52,849: DEBUG: STREAM 'IHDR' 16 13
2017-07-04 22:55:52,849: DEBUG: STREAM 'pHYs' 41 9
2017-07-04 22:55:52,849: DEBUG: STREAM 'IDAT' 62 4096
2017-07-04 22:55:52,918: DEBUG: Returns: ('high', 0.99998915)
2017-07-04 22:55:52,918: DEBUG: do_POST = 1: 0.00932693481445, 2: 5.19752502441e-05, 3: 0.0694799423218, 4: 7.00950622559e-05
2017-07-04 22:55:52,918: DEBUG: All do_post = 0.0794310569763
2017-07-04 22:55:52,918: DEBUG: Garbage collector: lvl1 = 606, lvl2 = 7, lvl3 = 4
2017-07-04 22:56:28,160: DEBUG: Number of forward = 0
2017-07-04 22:56:28,170: DEBUG: STREAM 'IHDR' 16 13
2017-07-04 22:56:28,170: DEBUG: STREAM 'pHYs' 41 9
2017-07-04 22:56:28,170: DEBUG: STREAM 'IDAT' 62 4096
2017-07-04 22:56:28,228: DEBUG: Returns: ('low', 0.99999285)
2017-07-04 22:56:28,228: DEBUG: do_POST = 1: 0.0089259147644, 2: 5.41210174561e-05, 3: 0.058737039566, 4: 6.89029693604e-05
2017-07-04 22:56:28,228: DEBUG: All do_post = 0.0682740211487
2017-07-04 22:56:28,228: DEBUG: Garbage collector: lvl1 = 612, lvl2 = 7, lvl3 = 4
2017-07-04 22:56:31,812: DEBUG: Number of forward = 0
2017-07-04 22:56:31,822: DEBUG: STREAM 'IHDR' 16 13
2017-07-04 22:56:31,822: DEBUG: STREAM 'pHYs' 41 9
2017-07-04 22:56:31,822: DEBUG: STREAM 'IDAT' 62 4096
2017-07-04 22:56:31,873: DEBUG: Returns: ('low', 0.99999905)
2017-07-04 22:56:31,873: DEBUG: do_POST = 1: 0.0089099407196, 2: 5.29289245605e-05, 3: 0.0514080524445, 4: 6.89029693604e-05
2017-07-04 22:56:31,873: DEBUG: All do_post = 0.0609200000763
2017-07-04 22:56:31,873: DEBUG: Garbage collector: lvl1 = 618, lvl2 = 7, lvl3 = 4
2017-07-04 22:56:36,293: DEBUG: Number of forward = 0
2017-07-04 22:56:36,303: DEBUG: STREAM 'IHDR' 16 13
2017-07-04 22:56:36,303: DEBUG: STREAM 'pHYs' 41 9
2017-07-04 22:56:36,303: DEBUG: STREAM 'IDAT' 62 4096
2017-07-04 22:56:36,353: DEBUG: Returns: ('low', 1.0)
2017-07-04 22:56:36,353: DEBUG: do_POST = 1: 0.00902390480042, 2: 5.29289245605e-05, 3: 0.0511009693146, 4: 7.00950622559e-05
2017-07-04 22:56:36,354: DEBUG: All do_post = 0.0607280731201
2017-07-04 22:56:36,354: DEBUG: Garbage collector: lvl1 = 624, lvl2 = 7, lvl3 = 4
2017-07-05 03:44:08,363: DEBUG: Number of forward = 0
2017-07-05 03:44:08,373: DEBUG: STREAM 'IHDR' 16 13
2017-07-05 03:44:08,373: DEBUG: STREAM 'pHYs' 41 9
2017-07-05 03:44:08,373: DEBUG: STREAM 'IDAT' 62 4096
2017-07-05 03:44:08,431: DEBUG: Returns: ('low', 1.0)
2017-07-05 03:44:08,431: DEBUG: do_POST = 1: 0.00920987129211, 2: 5.79357147217e-05, 3: 0.0586512088776, 4: 6.98566436768e-05
2017-07-05 03:44:08,431: DEBUG: All do_post = 0.0685601234436
2017-07-05 03:44:08,431: DEBUG: Garbage collector: lvl1 = 630, lvl2 = 7, lvl3 = 4
2017-07-05 03:44:23,862: DEBUG: Number of forward = 0
2017-07-05 03:44:23,871: DEBUG: STREAM 'IHDR' 16 13
2017-07-05 03:44:23,871: DEBUG: STREAM 'pHYs' 41 9
2017-07-05 03:44:23,871: DEBUG: STREAM 'IDAT' 62 4096
2017-07-05 03:44:23,922: DEBUG: Returns: ('high', 0.99998915)
2017-07-05 03:44:23,922: DEBUG: do_POST = 1: 0.00849294662476, 2: 5.22136688232e-05, 3: 0.051589012146, 4: 6.98566436768e-05
2017-07-05 03:44:23,922: DEBUG: All do_post = 0.0606729984283
2017-07-05 03:44:23,922: DEBUG: Garbage collector: lvl1 = 636, lvl2 = 7, lvl3 = 4
2017-07-05 03:44:49,995: DEBUG: Number of forward = 0
2017-07-05 03:44:50,006: DEBUG: STREAM 'IHDR' 16 13
2017-07-05 03:44:50,006: DEBUG: STREAM 'pHYs' 41 9
2017-07-05 03:44:50,006: DEBUG: STREAM 'IDAT' 62 4096
2017-07-05 03:44:50,069: DEBUG: Returns: ('middle', 0.99999452)
2017-07-05 03:44:50,069: DEBUG: do_POST = 1: 0.0100338459015, 2: 6.50882720947e-05, 3: 0.0635471343994, 4: 6.89029693604e-05
2017-07-05 03:44:50,069: DEBUG: All do_post = 0.0741999149323
2017-07-05 03:44:50,069: DEBUG: Garbage collector: lvl1 = 642, lvl2 = 7, lvl3 = 4
2017-07-05 03:45:24,942: DEBUG: Number of forward = 0
2017-07-05 03:45:24,952: DEBUG: STREAM 'IHDR' 16 13
2017-07-05 03:45:24,952: DEBUG: STREAM 'pHYs' 41 9
2017-07-05 03:45:24,952: DEBUG: STREAM 'IDAT' 62 4096
2017-07-05 03:45:25,024: DEBUG: Returns: ('low', 1.0)
2017-07-05 03:45:25,024: DEBUG: do_POST = 1: 0.00889182090759, 2: 5.31673431396e-05, 3: 0.0727069377899, 4: 7.00950622559e-05
2017-07-05 03:45:25,024: DEBUG: All do_post = 0.082221031189
2017-07-05 03:45:25,024: DEBUG: Garbage collector: lvl1 = 648, lvl2 = 7, lvl3 = 4
2017-07-05 03:45:52,959: DEBUG: Number of forward = 0
2017-07-05 03:45:52,969: DEBUG: STREAM 'IHDR' 16 13
2017-07-05 03:45:52,969: DEBUG: STREAM 'pHYs' 41 9
2017-07-05 03:45:52,969: DEBUG: STREAM 'IDAT' 62 4096
2017-07-05 03:45:53,036: DEBUG: Returns: ('low', 0.9999994)
2017-07-05 03:45:53,037: DEBUG: do_POST = 1: 0.00905394554138, 2: 5.10215759277e-05, 3: 0.0677421092987, 4: 6.98566436768e-05
2017-07-05 03:45:53,037: DEBUG: All do_post = 0.0773940086365
2017-07-05 03:45:53,037: DEBUG: Garbage collector: lvl1 = 654, lvl2 = 7, lvl3 = 4
2017-07-05 13:20:59,001: DEBUG: Number of forward = 0
2017-07-05 13:20:59,012: DEBUG: STREAM 'IHDR' 16 13
2017-07-05 13:20:59,012: DEBUG: STREAM 'pHYs' 41 9
2017-07-05 13:20:59,012: DEBUG: STREAM 'IDAT' 62 4096
2017-07-05 13:20:59,078: DEBUG: Returns: ('middle', 1.0)
2017-07-05 13:20:59,078: DEBUG: do_POST = 1: 0.00924587249756, 2: 5.69820404053e-05, 3: 0.0672891139984, 4: 7.10487365723e-05
2017-07-05 13:20:59,078: DEBUG: All do_post = 0.0772221088409
2017-07-05 13:20:59,079: DEBUG: Garbage collector: lvl1 = 660, lvl2 = 7, lvl3 = 4
2017-07-05 19:16:21,773: DEBUG: Number of forward = 0
2017-07-05 19:16:21,784: DEBUG: STREAM 'IHDR' 16 13
2017-07-05 19:16:21,784: DEBUG: STREAM 'pHYs' 41 9
2017-07-05 19:16:21,784: DEBUG: STREAM 'IDAT' 62 4096
2017-07-05 19:16:21,850: DEBUG: Returns: ('high', 0.99998868)
2017-07-05 19:16:21,850: DEBUG: do_POST = 1: 0.00964498519897, 2: 6.38961791992e-05, 3: 0.0667929649353, 4: 7.10487365723e-05
2017-07-05 19:16:21,850: DEBUG: All do_post = 0.0771539211273
2017-07-05 19:16:21,850: DEBUG: Garbage collector: lvl1 = 666, lvl2 = 7, lvl3 = 4
2017-07-05 19:16:33,612: DEBUG: Number of forward = 0
2017-07-05 19:16:33,622: DEBUG: STREAM 'IHDR' 16 13
2017-07-05 19:16:33,622: DEBUG: STREAM 'pHYs' 41 9
2017-07-05 19:16:33,622: DEBUG: STREAM 'IDAT' 62 4096
2017-07-05 19:16:33,673: DEBUG: Returns: ('middle', 0.99966335)
2017-07-05 19:16:33,673: DEBUG: do_POST = 1: 0.00922393798828, 2: 5.50746917725e-05, 3: 0.0519750118256, 4: 6.89029693604e-05
2017-07-05 19:16:33,673: DEBUG: All do_post = 0.0618450641632
2017-07-05 19:16:33,674: DEBUG: Garbage collector: lvl1 = 672, lvl2 = 7, lvl3 = 4
2017-07-05 19:16:49,781: DEBUG: Number of forward = 0
2017-07-05 19:16:49,790: DEBUG: STREAM 'IHDR' 16 13
2017-07-05 19:16:49,790: DEBUG: STREAM 'pHYs' 41 9
2017-07-05 19:16:49,790: DEBUG: STREAM 'IDAT' 62 4096
2017-07-05 19:16:49,840: DEBUG: Returns: ('low', 0.9999994)
2017-07-05 19:16:49,840: DEBUG: do_POST = 1: 0.00863003730774, 2: 5.19752502441e-05, 3: 0.0507559776306, 4: 6.8187713623e-05
2017-07-05 19:16:49,841: DEBUG: All do_post = 0.0599830150604
2017-07-05 19:16:49,841: DEBUG: Garbage collector: lvl1 = 678, lvl2 = 7, lvl3 = 4
2017-07-05 19:17:21,489: DEBUG: Number of forward = 0
2017-07-05 19:17:21,500: DEBUG: STREAM 'IHDR' 16 13
2017-07-05 19:17:21,500: DEBUG: STREAM 'pHYs' 41 9
2017-07-05 19:17:21,500: DEBUG: STREAM 'IDAT' 62 4096
2017-07-05 19:17:21,563: DEBUG: Returns: ('low', 0.99999976)
2017-07-05 19:17:21,563: DEBUG: do_POST = 1: 0.00995302200317, 2: 5.50746917725e-05, 3: 0.0638778209686, 4: 7.10487365723e-05
2017-07-05 19:17:21,563: DEBUG: All do_post = 0.0744891166687
2017-07-05 19:17:21,563: DEBUG: Garbage collector: lvl1 = 0, lvl2 = 8, lvl3 = 4
2017-07-05 19:17:51,359: DEBUG: Number of forward = 0
2017-07-05 19:17:51,371: DEBUG: STREAM 'IHDR' 16 13
2017-07-05 19:17:51,371: DEBUG: STREAM 'pHYs' 41 9
2017-07-05 19:17:51,371: DEBUG: STREAM 'IDAT' 62 4096
2017-07-05 19:17:51,443: DEBUG: Returns: ('middle', 0.99998915)
2017-07-05 19:17:51,443: DEBUG: do_POST = 1: 0.0106599330902, 2: 6.31809234619e-05, 3: 0.0728089809418, 4: 7.08103179932e-05
2017-07-05 19:17:51,443: DEBUG: All do_post = 0.0841009616852
2017-07-05 19:17:51,443: DEBUG: Garbage collector: lvl1 = 17, lvl2 = 8, lvl3 = 4
2017-07-05 19:18:06,804: DEBUG: Number of forward = 0
2017-07-05 19:18:06,814: DEBUG: STREAM 'IHDR' 16 13
2017-07-05 19:18:06,814: DEBUG: STREAM 'pHYs' 41 9
2017-07-05 19:18:06,814: DEBUG: STREAM 'IDAT' 62 4096
2017-07-05 19:18:06,864: DEBUG: Returns: ('high', 0.9999851)
2017-07-05 19:18:06,864: DEBUG: do_POST = 1: 0.00905704498291, 2: 5.00679016113e-05, 3: 0.0510058403015, 4: 6.91413879395e-05
2017-07-05 19:18:06,864: DEBUG: All do_post = 0.0607080459595
2017-07-05 19:18:06,864: DEBUG: Garbage collector: lvl1 = 21, lvl2 = 8, lvl3 = 4
2017-07-05 19:20:21,076: DEBUG: Number of forward = 0
2017-07-05 19:20:21,086: DEBUG: STREAM 'IHDR' 16 13
2017-07-05 19:20:21,086: DEBUG: STREAM 'pHYs' 41 9
2017-07-05 19:20:21,086: DEBUG: STREAM 'IDAT' 62 4096
2017-07-05 19:20:21,157: DEBUG: Returns: ('low', 0.99999976)
2017-07-05 19:20:21,157: DEBUG: do_POST = 1: 0.00941014289856, 2: 5.69820404053e-05, 3: 0.0714209079742, 4: 7.00950622559e-05
2017-07-05 19:20:21,157: DEBUG: All do_post = 0.0814900398254
2017-07-05 19:20:21,157: DEBUG: Garbage collector: lvl1 = 25, lvl2 = 8, lvl3 = 4
2017-07-06 17:47:02,416: DEBUG: Number of forward = 0
2017-07-06 17:47:02,536: DEBUG: Returns: ('middle', 0.91231257)
2017-07-06 17:47:02,536: DEBUG: do_POST = 1: 0.00163197517395, 2: 1.59740447998e-05, 3: 0.118421077728, 4: 9.3936920166e-05
2017-07-06 17:47:02,536: DEBUG: All do_post = 0.120449781418
2017-07-06 17:47:02,536: DEBUG: Garbage collector: lvl1 = 41, lvl2 = 8, lvl3 = 4
2017-07-06 17:56:36,776: DEBUG: Number of forward = 0
2017-07-06 17:56:36,783: DEBUG: STREAM 'IHDR' 16 13
2017-07-06 17:56:36,783: DEBUG: STREAM 'pHYs' 41 9
2017-07-06 17:56:36,783: DEBUG: STREAM 'IDAT' 62 4096
2017-07-06 17:56:36,874: DEBUG: Returns: ('high', 0.99997258)
2017-07-06 17:56:36,875: DEBUG: do_POST = 1: 0.00561690330505, 2: 5.41210174561e-05, 3: 0.0924830436707, 4: 6.98566436768e-05
2017-07-06 17:56:36,875: DEBUG: All do_post = 0.098452091217
2017-07-06 17:56:36,875: DEBUG: Garbage collector: lvl1 = 46, lvl2 = 8, lvl3 = 4
2017-07-06 17:56:57,421: DEBUG: Number of forward = 0
2017-07-06 17:56:57,427: DEBUG: STREAM 'IHDR' 16 13
2017-07-06 17:56:57,427: DEBUG: STREAM 'pHYs' 41 9
2017-07-06 17:56:57,427: DEBUG: STREAM 'IDAT' 62 4096
2017-07-06 17:56:57,533: DEBUG: Returns: ('low', 1.0)
2017-07-06 17:56:57,533: DEBUG: do_POST = 1: 0.00562906265259, 2: 5.69820404053e-05, 3: 0.106621980667, 4: 7.20024108887e-05
2017-07-06 17:56:57,533: DEBUG: All do_post = 0.112579107285
2017-07-06 17:56:57,533: DEBUG: Garbage collector: lvl1 = 50, lvl2 = 8, lvl3 = 4
2017-07-06 18:36:59,142: DEBUG: Number of forward = 0
2017-07-06 18:36:59,149: DEBUG: STREAM 'IHDR' 16 13
2017-07-06 18:36:59,149: DEBUG: STREAM 'pHYs' 41 9
2017-07-06 18:36:59,150: DEBUG: STREAM 'IDAT' 62 4096
2017-07-06 18:36:59,263: DEBUG: Returns: ('middle', 1.0)
2017-07-06 18:36:59,263: DEBUG: do_POST = 1: 0.00642800331116, 2: 6.91413879395e-05, 3: 0.114440917969, 4: 7.20024108887e-05
2017-07-06 18:36:59,263: DEBUG: All do_post = 0.12119603157
2017-07-06 18:36:59,263: DEBUG: Garbage collector: lvl1 = 54, lvl2 = 8, lvl3 = 4
2017-07-06 18:37:06,177: DEBUG: Number of forward = 0
2017-07-06 18:37:06,183: DEBUG: STREAM 'IHDR' 16 13
2017-07-06 18:37:06,183: DEBUG: STREAM 'pHYs' 41 9
2017-07-06 18:37:06,183: DEBUG: STREAM 'IDAT' 62 4096
2017-07-06 18:37:06,274: DEBUG: Returns: ('high', 0.99996841)
2017-07-06 18:37:06,274: DEBUG: do_POST = 1: 0.00512409210205, 2: 5.29289245605e-05, 3: 0.0920860767365, 4: 7.08103179932e-05
2017-07-06 18:37:06,274: DEBUG: All do_post = 0.0975120067596
2017-07-06 18:37:06,274: DEBUG: Garbage collector: lvl1 = 58, lvl2 = 8, lvl3 = 4
2017-07-06 18:37:13,491: DEBUG: Number of forward = 0
2017-07-06 18:37:13,498: DEBUG: STREAM 'IHDR' 16 13
2017-07-06 18:37:13,498: DEBUG: STREAM 'pHYs' 41 9
2017-07-06 18:37:13,498: DEBUG: STREAM 'IDAT' 62 4096
2017-07-06 18:37:13,589: DEBUG: Returns: ('high', 0.99998868)
2017-07-06 18:37:13,589: DEBUG: do_POST = 1: 0.00652289390564, 2: 7.00950622559e-05, 3: 0.0912179946899, 4: 7.00950622559e-05
2017-07-06 18:37:13,589: DEBUG: All do_post = 0.098109960556
2017-07-06 18:37:13,589: DEBUG: Garbage collector: lvl1 = 62, lvl2 = 8, lvl3 = 4
2017-07-06 18:40:28,175: DEBUG: Number of forward = 0
2017-07-06 18:40:28,181: DEBUG: STREAM 'IHDR' 16 13
2017-07-06 18:40:28,181: DEBUG: STREAM 'pHYs' 41 9
2017-07-06 18:40:28,181: DEBUG: STREAM 'IDAT' 62 4096
2017-07-06 18:40:28,323: DEBUG: Returns: ('low', 1.0)
2017-07-06 18:40:28,323: DEBUG: do_POST = 1: 0.00520396232605, 2: 5.60283660889e-05, 3: 0.1422290802, 4: 7.00950622559e-05
2017-07-06 18:40:28,323: DEBUG: All do_post = 0.147742986679
2017-07-06 18:40:28,323: DEBUG: Garbage collector: lvl1 = 66, lvl2 = 8, lvl3 = 4
2017-07-06 18:40:36,604: DEBUG: Number of forward = 0
2017-07-06 18:40:36,610: DEBUG: STREAM 'IHDR' 16 13
2017-07-06 18:40:36,610: DEBUG: STREAM 'pHYs' 41 9
2017-07-06 18:40:36,610: DEBUG: STREAM 'IDAT' 62 4096
2017-07-06 18:40:36,699: DEBUG: Returns: ('high', 0.99999142)
2017-07-06 18:40:36,700: DEBUG: do_POST = 1: 0.00536108016968, 2: 5.19752502441e-05, 3: 0.090432882309, 4: 6.91413879395e-05
2017-07-06 18:40:36,700: DEBUG: All do_post = 0.0960941314697
2017-07-06 18:40:36,700: DEBUG: Garbage collector: lvl1 = 70, lvl2 = 8, lvl3 = 4
2017-07-07 00:10:22,773: DEBUG: Number of forward = 0
2017-07-07 00:10:22,779: DEBUG: STREAM 'IHDR' 16 13
2017-07-07 00:10:22,779: DEBUG: STREAM 'pHYs' 41 9
2017-07-07 00:10:22,779: DEBUG: STREAM 'IDAT' 62 4096
2017-07-07 00:10:22,882: DEBUG: Returns: ('high', 0.99998975)
2017-07-07 00:10:22,882: DEBUG: do_POST = 1: 0.00565099716187, 2: 5.69820404053e-05, 3: 0.103219032288, 4: 7.10487365723e-05
2017-07-07 00:10:22,882: DEBUG: All do_post = 0.109176158905
2017-07-07 00:10:22,882: DEBUG: Garbage collector: lvl1 = 74, lvl2 = 8, lvl3 = 4
2017-07-07 00:10:32,514: DEBUG: Number of forward = 0
2017-07-07 00:10:32,521: DEBUG: STREAM 'IHDR' 16 13
2017-07-07 00:10:32,521: DEBUG: STREAM 'pHYs' 41 9
2017-07-07 00:10:32,521: DEBUG: STREAM 'IDAT' 62 4096
2017-07-07 00:10:32,600: DEBUG: Returns: ('middle', 1.0)
2017-07-07 00:10:32,600: DEBUG: do_POST = 1: 0.00610184669495, 2: 7.20024108887e-05, 3: 0.0795681476593, 4: 9.17911529541e-05
2017-07-07 00:10:32,600: DEBUG: All do_post = 0.0860340595245
2017-07-07 00:10:32,600: DEBUG: Garbage collector: lvl1 = 78, lvl2 = 8, lvl3 = 4
2017-07-07 16:11:04,860: DEBUG: Number of forward = 0
2017-07-07 16:11:04,871: DEBUG: STREAM 'IHDR' 16 13
2017-07-07 16:11:04,871: DEBUG: STREAM 'pHYs' 41 9
2017-07-07 16:11:04,871: DEBUG: STREAM 'IDAT' 62 4096
2017-07-07 16:11:04,926: DEBUG: Returns: ('low', 0.99999285)
2017-07-07 16:11:04,927: DEBUG: do_POST = 1: 0.00909185409546, 2: 5.69820404053e-05, 3: 0.0566501617432, 4: 6.98566436768e-05
2017-07-07 16:11:04,927: DEBUG: All do_post = 0.0664339065552
2017-07-07 16:11:04,927: DEBUG: Garbage collector: lvl1 = 82, lvl2 = 8, lvl3 = 4
2017-07-08 10:33:17,017: DEBUG: Number of forward = 0
2017-07-08 10:33:17,026: DEBUG: STREAM 'IHDR' 16 13
2017-07-08 10:33:17,027: DEBUG: STREAM 'pHYs' 41 9
2017-07-08 10:33:17,027: DEBUG: STREAM 'IDAT' 62 4096
2017-07-08 10:33:17,080: DEBUG: Returns: ('high', 0.99997258)
2017-07-08 10:33:17,080: DEBUG: do_POST = 1: 0.00858998298645, 2: 5.10215759277e-05, 3: 0.0543110370636, 4: 7.10487365723e-05
2017-07-08 10:33:17,080: DEBUG: All do_post = 0.0635759830475
2017-07-08 10:33:17,080: DEBUG: Garbage collector: lvl1 = 86, lvl2 = 8, lvl3 = 4
2017-07-08 10:33:23,507: DEBUG: Number of forward = 0
2017-07-08 10:33:23,518: DEBUG: STREAM 'IHDR' 16 13
2017-07-08 10:33:23,518: DEBUG: STREAM 'pHYs' 41 9
2017-07-08 10:33:23,518: DEBUG: STREAM 'IDAT' 62 4096
2017-07-08 10:33:23,569: DEBUG: Returns: ('middle', 0.99966335)
2017-07-08 10:33:23,569: DEBUG: do_POST = 1: 0.00961399078369, 2: 5.79357147217e-05, 3: 0.0517702102661, 4: 6.98566436768e-05
2017-07-08 10:33:23,569: DEBUG: All do_post = 0.0619990825653
2017-07-08 10:33:23,569: DEBUG: Garbage collector: lvl1 = 90, lvl2 = 8, lvl3 = 4
2017-07-08 10:33:30,994: DEBUG: Number of forward = 0
2017-07-08 10:33:31,006: DEBUG: STREAM 'IHDR' 16 13
2017-07-08 10:33:31,006: DEBUG: STREAM 'pHYs' 41 9
2017-07-08 10:33:31,006: DEBUG: STREAM 'IDAT' 62 4096
2017-07-08 10:33:31,057: DEBUG: Returns: ('middle', 1.0)
2017-07-08 10:33:31,057: DEBUG: do_POST = 1: 0.0104348659515, 2: 6.50882720947e-05, 3: 0.0520970821381, 4: 7.10487365723e-05
2017-07-08 10:33:31,057: DEBUG: All do_post = 0.0631740093231
2017-07-08 10:33:31,057: DEBUG: Garbage collector: lvl1 = 94, lvl2 = 8, lvl3 = 4
2017-07-08 10:33:42,816: DEBUG: Number of forward = 0
2017-07-08 10:33:42,826: DEBUG: STREAM 'IHDR' 16 13
2017-07-08 10:33:42,826: DEBUG: STREAM 'pHYs' 41 9
2017-07-08 10:33:42,826: DEBUG: STREAM 'IDAT' 62 4096
2017-07-08 10:33:42,877: DEBUG: Returns: ('low', 0.9999994)
2017-07-08 10:33:42,877: DEBUG: do_POST = 1: 0.00917100906372, 2: 5.10215759277e-05, 3: 0.0513589382172, 4: 7.20024108887e-05
2017-07-08 10:33:42,877: DEBUG: All do_post = 0.0611581802368
2017-07-08 10:33:42,877: DEBUG: Garbage collector: lvl1 = 98, lvl2 = 8, lvl3 = 4
2017-07-08 10:33:51,049: DEBUG: Number of forward = 0
2017-07-08 10:33:51,059: DEBUG: STREAM 'IHDR' 16 13
2017-07-08 10:33:51,059: DEBUG: STREAM 'pHYs' 41 9
2017-07-08 10:33:51,059: DEBUG: STREAM 'IDAT' 62 4096
2017-07-08 10:33:51,110: DEBUG: Returns: ('low', 1.0)
2017-07-08 10:33:51,111: DEBUG: do_POST = 1: 0.00951790809631, 2: 5.50746917725e-05, 3: 0.0516679286957, 4: 7.00950622559e-05
2017-07-08 10:33:51,111: DEBUG: All do_post = 0.0618069171906
2017-07-08 10:33:51,111: DEBUG: Garbage collector: lvl1 = 102, lvl2 = 8, lvl3 = 4
2017-07-08 10:34:13,915: DEBUG: Number of forward = 0
2017-07-08 10:34:13,925: DEBUG: STREAM 'IHDR' 16 13
2017-07-08 10:34:13,925: DEBUG: STREAM 'pHYs' 41 9
2017-07-08 10:34:13,925: DEBUG: STREAM 'IDAT' 62 4096
2017-07-08 10:34:13,981: DEBUG: Returns: ('high', 0.9999851)
2017-07-08 10:34:13,981: DEBUG: do_POST = 1: 0.00891995429993, 2: 5.10215759277e-05, 3: 0.056746006012, 4: 7.08103179932e-05
2017-07-08 10:34:13,981: DEBUG: All do_post = 0.0662758350372
2017-07-08 10:34:13,981: DEBUG: Garbage collector: lvl1 = 106, lvl2 = 8, lvl3 = 4
2017-07-11 17:08:40,654: DEBUG: Number of forward = 0
2017-07-11 17:08:40,663: DEBUG: STREAM 'IHDR' 16 13
2017-07-11 17:08:40,663: DEBUG: STREAM 'pHYs' 41 9
2017-07-11 17:08:40,664: DEBUG: STREAM 'IDAT' 62 4096
2017-07-11 17:08:40,720: DEBUG: Returns: ('high', 0.99998915)
2017-07-11 17:08:40,720: DEBUG: do_POST = 1: 0.0086030960083, 2: 5.10215759277e-05, 3: 0.0569489002228, 4: 7.20024108887e-05
2017-07-11 17:08:40,720: DEBUG: All do_post = 0.0662450790405
2017-07-11 17:08:40,720: DEBUG: Garbage collector: lvl1 = 110, lvl2 = 8, lvl3 = 4
2017-07-11 17:08:51,664: DEBUG: Number of forward = 0
2017-07-11 17:08:51,674: DEBUG: STREAM 'IHDR' 16 13
2017-07-11 17:08:51,674: DEBUG: STREAM 'pHYs' 41 9
2017-07-11 17:08:51,674: DEBUG: STREAM 'IDAT' 62 4096
2017-07-11 17:08:51,725: DEBUG: Returns: ('high', 0.99998522)
2017-07-11 17:08:51,725: DEBUG: do_POST = 1: 0.00952911376953, 2: 6.38961791992e-05, 3: 0.0513620376587, 4: 7.20024108887e-05
2017-07-11 17:08:51,725: DEBUG: All do_post = 0.061539888382
2017-07-11 17:08:51,725: DEBUG: Garbage collector: lvl1 = 114, lvl2 = 8, lvl3 = 4
2017-07-11 17:08:56,295: DEBUG: Number of forward = 0
2017-07-11 17:08:56,312: DEBUG: STREAM 'IHDR' 16 13
2017-07-11 17:08:56,312: DEBUG: STREAM 'pHYs' 41 9
2017-07-11 17:08:56,312: DEBUG: STREAM 'IDAT' 62 4096
2017-07-11 17:08:56,364: DEBUG: Returns: ('middle', 0.99998915)
2017-07-11 17:08:56,364: DEBUG: do_POST = 1: 0.0162692070007, 2: 6.79492950439e-05, 3: 0.0524089336395, 4: 9.10758972168e-05
2017-07-11 17:08:56,364: DEBUG: All do_post = 0.0693469047546
2017-07-11 17:08:56,364: DEBUG: Garbage collector: lvl1 = 118, lvl2 = 8, lvl3 = 4
2017-07-11 17:09:02,764: DEBUG: Number of forward = 0
2017-07-11 17:09:02,773: DEBUG: STREAM 'IHDR' 16 13
2017-07-11 17:09:02,773: DEBUG: STREAM 'pHYs' 41 9
2017-07-11 17:09:02,773: DEBUG: STREAM 'IDAT' 62 4096
2017-07-11 17:09:02,824: DEBUG: Returns: ('low', 0.99999905)
2017-07-11 17:09:02,824: DEBUG: do_POST = 1: 0.00877809524536, 2: 5.3882598877e-05, 3: 0.0509779453278, 4: 7.10487365723e-05
2017-07-11 17:09:02,824: DEBUG: All do_post = 0.0604088306427
2017-07-11 17:09:02,824: DEBUG: Garbage collector: lvl1 = 122, lvl2 = 8, lvl3 = 4
2017-07-11 20:24:19,991: DEBUG: Number of forward = 0
2017-07-11 20:24:20,000: DEBUG: STREAM 'IHDR' 16 13
2017-07-11 20:24:20,000: DEBUG: STREAM 'pHYs' 41 9
2017-07-11 20:24:20,000: DEBUG: STREAM 'IDAT' 62 4096
2017-07-11 20:24:20,054: DEBUG: Returns: ('middle', 0.99999511)
2017-07-11 20:24:20,054: DEBUG: do_POST = 1: 0.00823497772217, 2: 4.91142272949e-05, 3: 0.0539710521698, 4: 6.98566436768e-05
2017-07-11 20:24:20,054: DEBUG: All do_post = 0.0628869533539
2017-07-11 20:24:20,054: DEBUG: Garbage collector: lvl1 = 126, lvl2 = 8, lvl3 = 4
2017-07-11 20:24:34,175: DEBUG: Number of forward = 0
2017-07-11 20:24:34,186: DEBUG: STREAM 'IHDR' 16 13
2017-07-11 20:24:34,186: DEBUG: STREAM 'pHYs' 41 9
2017-07-11 20:24:34,186: DEBUG: STREAM 'IDAT' 62 4096
2017-07-11 20:24:34,238: DEBUG: Returns: ('high', 0.99998522)
2017-07-11 20:24:34,238: DEBUG: do_POST = 1: 0.0101180076599, 2: 6.00814819336e-05, 3: 0.0520188808441, 4: 7.20024108887e-05
2017-07-11 20:24:34,238: DEBUG: All do_post = 0.0627589225769
2017-07-11 20:24:34,238: DEBUG: Garbage collector: lvl1 = 130, lvl2 = 8, lvl3 = 4
2017-07-12 10:09:27,105: DEBUG: Number of forward = 0
2017-07-12 10:09:27,116: DEBUG: STREAM 'IHDR' 16 13
2017-07-12 10:09:27,116: DEBUG: STREAM 'pHYs' 41 9
2017-07-12 10:09:27,116: DEBUG: STREAM 'IDAT' 62 4096
2017-07-12 10:09:27,170: DEBUG: Returns: ('low', 0.99999976)
2017-07-12 10:09:27,171: DEBUG: do_POST = 1: 0.00978493690491, 2: 5.69820404053e-05, 3: 0.0550861358643, 4: 7.08103179932e-05
2017-07-12 10:09:27,171: DEBUG: All do_post = 0.0655579566956
2017-07-12 10:09:27,171: DEBUG: Garbage collector: lvl1 = 134, lvl2 = 8, lvl3 = 4
2017-07-12 10:10:48,581: DEBUG: Number of forward = 0
2017-07-12 10:10:48,592: DEBUG: STREAM 'IHDR' 16 13
2017-07-12 10:10:48,592: DEBUG: STREAM 'pHYs' 41 9
2017-07-12 10:10:48,592: DEBUG: STREAM 'IDAT' 62 4096
2017-07-12 10:10:48,647: DEBUG: Returns: ('middle', 1.0)
2017-07-12 10:10:48,647: DEBUG: do_POST = 1: 0.0103149414062, 2: 6.50882720947e-05, 3: 0.0553889274597, 4: 7.20024108887e-05
2017-07-12 10:10:48,647: DEBUG: All do_post = 0.0663812160492
2017-07-12 10:10:48,647: DEBUG: Garbage collector: lvl1 = 138, lvl2 = 8, lvl3 = 4
2017-07-12 10:15:51,927: DEBUG: Number of forward = 0
2017-07-12 10:15:51,937: DEBUG: STREAM 'IHDR' 16 13
2017-07-12 10:15:51,937: DEBUG: STREAM 'pHYs' 41 9
2017-07-12 10:15:51,937: DEBUG: STREAM 'IDAT' 62 4096
2017-07-12 10:15:51,991: DEBUG: Returns: ('high', 0.99998808)
2017-07-12 10:15:51,991: DEBUG: do_POST = 1: 0.00869703292847, 2: 5.10215759277e-05, 3: 0.055027961731, 4: 7.10487365723e-05
2017-07-12 10:15:51,991: DEBUG: All do_post = 0.0643670558929
2017-07-12 10:15:51,991: DEBUG: Garbage collector: lvl1 = 142, lvl2 = 8, lvl3 = 4
2017-07-13 13:19:04,712: INFO: ========= Net init =========
2017-07-13 13:19:04,712: INFO: port = 8880
2017-07-13 13:19:04,712: INFO: model = ./models/Googlenet_cars/deploy.prototxt
2017-07-13 13:19:04,712: INFO: weight = ./models/Googlenet_cars/people.caffemodel
2017-07-13 13:19:04,712: INFO: label_map = ./data/Googlenet/people_classes.txt
2017-07-13 13:19:04,712: INFO: =========Starting server=========
2017-07-13 13:19:42,023: INFO: ========= Net init =========
2017-07-13 13:19:42,023: INFO: port = 8880
2017-07-13 13:19:42,023: INFO: model = ./models/Googlenet_cars/deploy.prototxt
2017-07-13 13:19:42,023: INFO: weight = ./models/Googlenet_cars/people.caffemodel
2017-07-13 13:19:42,023: INFO: label_map = ./data/Googlenet/people_classes.txt
2017-07-13 13:19:42,023: INFO: =========Starting server=========
2017-07-13 13:23:50,493: INFO: ========= Net init =========
2017-07-13 13:23:50,493: INFO: port = 8880
2017-07-13 13:23:50,493: INFO: model = ./models/Googlenet_cars/deploy.prototxt
2017-07-13 13:23:50,493: INFO: weight = ./models/Googlenet_cars/people.caffemodel
2017-07-13 13:23:50,493: INFO: label_map = ./data/Googlenet/people_classes.txt
2017-07-13 13:23:50,493: INFO: =========Starting server=========
2017-07-13 14:45:35,705: DEBUG: Number of forward = 0
2017-07-13 14:45:41,008: DEBUG: Returns: ('high', 0.91579491)
2017-07-13 14:45:41,008: DEBUG: do_POST = 1: 0.0138778686523, 2: 0.000172138214111, 3: 5.28860497475, 4: 0.000149011611938
2017-07-13 14:45:41,008: DEBUG: All do_post = 5.30304503441
2017-07-13 14:45:41,008: DEBUG: Garbage collector: lvl1 = 150, lvl2 = 3, lvl3 = 1
2017-07-13 17:47:08,898: DEBUG: Number of forward = 0
2017-07-13 17:47:14,100: DEBUG: Returns: ('high', 0.91579491)
2017-07-13 17:47:14,100: DEBUG: do_POST = 1: 0.00866007804871, 2: 5.3882598877e-05, 3: 5.1928601265, 4: 8.39233398438e-05
2017-07-13 17:47:14,100: DEBUG: All do_post = 5.20213699341
2017-07-13 17:47:14,100: DEBUG: Garbage collector: lvl1 = 175, lvl2 = 3, lvl3 = 1
2017-07-16 10:08:51,279: DEBUG: Number of forward = 0
2017-07-16 10:08:56,622: DEBUG: Returns: ('high', 0.91579491)
2017-07-16 10:08:56,623: DEBUG: do_POST = 1: 0.00974202156067, 2: 6.89029693604e-05, 3: 5.33193612099, 4: 8.48770141602e-05
2017-07-16 10:08:56,623: DEBUG: All do_post = 5.3436319828
2017-07-16 10:08:56,623: DEBUG: Garbage collector: lvl1 = 186, lvl2 = 3, lvl3 = 1
2017-07-16 22:56:09,495: DEBUG: Number of forward = 0
2017-07-16 22:56:14,723: DEBUG: Returns: ('high', 0.91579491)
2017-07-16 22:56:14,723: DEBUG: do_POST = 1: 0.00924801826477, 2: 6.38961791992e-05, 3: 5.21665215492, 4: 8.89301300049e-05
2017-07-16 22:56:14,723: DEBUG: All do_post = 5.22784996033
2017-07-16 22:56:14,723: DEBUG: Garbage collector: lvl1 = 197, lvl2 = 3, lvl3 = 1
2017-07-16 22:56:29,236: DEBUG: Number of forward = 0
2017-07-16 22:56:34,475: DEBUG: Returns: ('high', 0.91579491)
2017-07-16 22:56:34,475: DEBUG: do_POST = 1: 0.0117769241333, 2: 7.20024108887e-05, 3: 5.22696709633, 4: 9.10758972168e-05
2017-07-16 22:56:34,475: DEBUG: All do_post = 5.23958301544
2017-07-16 22:56:34,476: DEBUG: Garbage collector: lvl1 = 208, lvl2 = 3, lvl3 = 1
2017-07-16 22:57:01,971: DEBUG: Number of forward = 0
2017-07-16 22:57:07,201: DEBUG: Returns: ('high', 0.91579491)
2017-07-16 22:57:07,201: DEBUG: do_POST = 1: 0.0111799240112, 2: 6.19888305664e-05, 3: 5.21867203712, 4: 8.39233398438e-05
2017-07-16 22:57:07,202: DEBUG: All do_post = 5.23069691658
2017-07-16 22:57:07,202: DEBUG: Garbage collector: lvl1 = 219, lvl2 = 3, lvl3 = 1
2017-07-16 22:57:17,121: DEBUG: Number of forward = 0
2017-07-16 22:57:22,358: DEBUG: Returns: ('high', 0.91579491)
2017-07-16 22:57:22,359: DEBUG: do_POST = 1: 0.0111727714539, 2: 6.103515625e-05, 3: 5.22540998459, 4: 8.32080841064e-05
2017-07-16 22:57:22,359: DEBUG: All do_post = 5.23739886284
2017-07-16 22:57:22,359: DEBUG: Garbage collector: lvl1 = 230, lvl2 = 3, lvl3 = 1
2017-07-16 22:57:33,554: DEBUG: Number of forward = 0
2017-07-16 22:57:38,792: DEBUG: Returns: ('high', 0.91579491)
2017-07-16 22:57:38,793: DEBUG: do_POST = 1: 0.0110878944397, 2: 6.103515625e-05, 3: 5.22663807869, 4: 8.58306884766e-05
2017-07-16 22:57:38,793: DEBUG: All do_post = 5.23851394653
2017-07-16 22:57:38,793: DEBUG: Garbage collector: lvl1 = 241, lvl2 = 3, lvl3 = 1
2017-07-16 22:58:08,093: DEBUG: Number of forward = 0
2017-07-16 22:58:13,321: DEBUG: Returns: ('high', 0.91579491)
2017-07-16 22:58:13,321: DEBUG: do_POST = 1: 0.0108418464661, 2: 6.00814819336e-05, 3: 5.21678996086, 4: 8.39233398438e-05
2017-07-16 22:58:13,321: DEBUG: All do_post = 5.2284450531
2017-07-16 22:58:13,321: DEBUG: Garbage collector: lvl1 = 252, lvl2 = 3, lvl3 = 1
2017-07-16 22:58:33,400: DEBUG: Number of forward = 0
2017-07-16 22:58:38,647: DEBUG: Returns: ('high', 0.91579491)
2017-07-16 22:58:38,647: DEBUG: do_POST = 1: 0.0117430686951, 2: 6.98566436768e-05, 3: 5.23501801491, 4: 8.41617584229e-05
2017-07-16 22:58:38,647: DEBUG: All do_post = 5.24748897552
2017-07-16 22:58:38,647: DEBUG: Garbage collector: lvl1 = 263, lvl2 = 3, lvl3 = 1
2017-07-17 09:57:55,271: DEBUG: Number of forward = 0
2017-07-17 09:58:00,488: DEBUG: Returns: ('high', 0.91579491)
2017-07-17 09:58:00,489: DEBUG: do_POST = 1: 0.00739598274231, 2: 5.79357147217e-05, 3: 5.20986413956, 4: 0.000140905380249
2017-07-17 09:58:00,489: DEBUG: All do_post = 5.2176399231
2017-07-17 09:58:00,489: DEBUG: Garbage collector: lvl1 = 274, lvl2 = 3, lvl3 = 1
2017-07-17 09:58:20,794: DEBUG: Number of forward = 0
2017-07-17 09:58:26,001: DEBUG: Returns: ('high', 0.91579491)
2017-07-17 09:58:26,001: DEBUG: do_POST = 1: 0.00740504264832, 2: 6.19888305664e-05, 3: 5.19930291176, 4: 0.0001220703125
2017-07-17 09:58:26,001: DEBUG: All do_post = 5.20707702637
2017-07-17 09:58:26,001: DEBUG: Garbage collector: lvl1 = 285, lvl2 = 3, lvl3 = 1
2017-07-17 09:58:35,300: DEBUG: Number of forward = 0
2017-07-17 09:58:40,511: DEBUG: Returns: ('high', 0.91579491)
2017-07-17 09:58:40,511: DEBUG: do_POST = 1: 0.00804686546326, 2: 6.50882720947e-05, 3: 5.20319008827, 4: 0.000142812728882
2017-07-17 09:58:40,512: DEBUG: All do_post = 5.21162199974
2017-07-17 09:58:40,512: DEBUG: Garbage collector: lvl1 = 296, lvl2 = 3, lvl3 = 1
2017-07-17 09:58:56,163: DEBUG: Number of forward = 0
2017-07-17 09:59:01,374: DEBUG: Returns: ('high', 0.91579491)
2017-07-17 09:59:01,374: DEBUG: do_POST = 1: 0.00855779647827, 2: 6.91413879395e-05, 3: 5.20191502571, 4: 0.000138998031616
2017-07-17 09:59:01,374: DEBUG: All do_post = 5.21086001396
2017-07-17 09:59:01,374: DEBUG: Garbage collector: lvl1 = 307, lvl2 = 3, lvl3 = 1
2017-07-17 10:03:32,799: INFO: ========= Net init =========
2017-07-17 10:03:32,799: INFO: port = 8880
2017-07-17 10:03:32,799: INFO: model = ./models/Googlenet_cars/deploy.prototxt
2017-07-17 10:03:32,800: INFO: weight = ./models/Googlenet_cars/people.caffemodel
2017-07-17 10:03:32,800: INFO: label_map = ./data/Googlenet/people_classes.txt
2017-07-17 10:03:32,800: INFO: =========Starting server=========
2017-07-17 10:04:44,905: DEBUG: Number of forward = 0
2017-07-17 10:04:50,176: DEBUG: Returns: ('high', 0.91579491)
2017-07-17 10:04:50,177: DEBUG: do_POST = 1: 0.00778913497925, 2: 0.000113964080811, 3: 5.26376390457, 4: 0.000136137008667
2017-07-17 10:04:50,177: DEBUG: All do_post = 5.2719938755
2017-07-17 10:04:50,177: DEBUG: Garbage collector: lvl1 = 150, lvl2 = 3, lvl3 = 1
2017-07-17 10:11:54,036: INFO: ========= Net init =========
2017-07-17 10:11:54,037: INFO: port = 8880
2017-07-17 10:11:54,037: INFO: model = ./models/Googlenet_cars/deploy.prototxt
2017-07-17 10:11:54,037: INFO: weight = ./models/Googlenet_cars/people.caffemodel
2017-07-17 10:11:54,037: INFO: label_map = ./data/Googlenet/people_classes.txt
2017-07-17 10:11:54,037: INFO: =========Starting server=========
2017-07-17 10:11:57,884: DEBUG: Number of forward = 0
2017-07-17 10:12:03,702: DEBUG: Returns: ('low', 0.99928492)
2017-07-17 10:12:03,702: DEBUG: do_POST = 1: 0.00788497924805, 2: 0.000113964080811, 3: 5.80922317505, 4: 0.000141859054565
2017-07-17 10:12:03,702: DEBUG: All do_post = 5.81758713722
2017-07-17 10:12:03,702: DEBUG: Garbage collector: lvl1 = 151, lvl2 = 3, lvl3 = 1
2017-07-17 10:12:25,694: INFO: ========= Net init =========
2017-07-17 10:12:25,694: INFO: port = 8880
2017-07-17 10:12:25,694: INFO: model = ./models/Googlenet_cars/deploy.prototxt
2017-07-17 10:12:25,694: INFO: weight = ./models/Googlenet_cars/people.caffemodel
2017-07-17 10:12:25,694: INFO: label_map = ./data/Googlenet/people_classes.txt
2017-07-17 10:12:25,694: INFO: =========Starting server=========
2017-07-17 13:23:13,602: DEBUG: Number of forward = 0
2017-07-17 13:23:19,112: DEBUG: Returns: ('low', 0.9999994)
2017-07-17 13:23:19,112: DEBUG: do_POST = 1: 0.00829792022705, 2: 0.000133991241455, 3: 5.49935412407, 4: 9.08374786377e-05
2017-07-17 13:23:19,112: DEBUG: All do_post = 5.50974798203
2017-07-17 13:23:19,112: DEBUG: Garbage collector: lvl1 = 151, lvl2 = 3, lvl3 = 1
2017-07-17 13:23:25,667: DEBUG: Number of forward = 0
2017-07-17 13:23:31,406: DEBUG: Returns: ('low', 1.0)
2017-07-17 13:23:31,407: DEBUG: do_POST = 1: 0.0109031200409, 2: 6.38961791992e-05, 3: 5.72835898399, 4: 8.51154327393e-05
2017-07-17 13:23:31,407: DEBUG: All do_post = 5.74001789093
2017-07-17 13:23:31,407: DEBUG: Garbage collector: lvl1 = 176, lvl2 = 3, lvl3 = 1
2017-07-17 13:23:38,665: DEBUG: Number of forward = 0
2017-07-17 13:23:44,545: DEBUG: Returns: ('middle', 0.99998772)
2017-07-17 13:23:44,545: DEBUG: do_POST = 1: 0.0122950077057, 2: 6.98566436768e-05, 3: 5.86739516258, 4: 8.58306884766e-05
2017-07-17 13:23:44,545: DEBUG: All do_post = 5.88043498993
2017-07-17 13:23:44,545: DEBUG: Garbage collector: lvl1 = 187, lvl2 = 3, lvl3 = 1
2017-07-17 13:23:54,776: DEBUG: Number of forward = 0
2017-07-17 13:24:00,906: DEBUG: Returns: ('middle', 0.99999511)
2017-07-17 13:24:00,906: DEBUG: do_POST = 1: 0.00967502593994, 2: 5.41210174561e-05, 3: 6.11964201927, 4: 8.89301300049e-05
2017-07-17 13:24:00,906: DEBUG: All do_post = 6.13022017479
2017-07-17 13:24:00,907: DEBUG: Garbage collector: lvl1 = 198, lvl2 = 3, lvl3 = 1
2017-07-17 13:24:17,231: DEBUG: Number of forward = 0
2017-07-17 13:24:23,026: DEBUG: Returns: ('high', 0.99998295)
2017-07-17 13:24:23,027: DEBUG: do_POST = 1: 0.0115180015564, 2: 7.29560852051e-05, 3: 5.78371286392, 4: 8.60691070557e-05
2017-07-17 13:24:23,027: DEBUG: All do_post = 5.79598498344
2017-07-17 13:24:23,027: DEBUG: Garbage collector: lvl1 = 209, lvl2 = 3, lvl3 = 1
2017-07-17 13:24:47,500: DEBUG: Number of forward = 0
2017-07-17 13:24:53,891: DEBUG: Returns: ('middle', 0.99999452)
2017-07-17 13:24:53,891: DEBUG: do_POST = 1: 0.0116300582886, 2: 7.10487365723e-05, 3: 6.37825703621, 4: 8.58306884766e-05
2017-07-17 13:24:53,891: DEBUG: All do_post = 6.39074015617
2017-07-17 13:24:53,891: DEBUG: Garbage collector: lvl1 = 220, lvl2 = 3, lvl3 = 1
2017-07-17 14:29:44,193: DEBUG: Number of forward = 0
2017-07-17 14:29:49,583: DEBUG: Returns: ('low', 0.99999964)
2017-07-17 14:29:49,583: DEBUG: do_POST = 1: 0.00809597969055, 2: 5.69820404053e-05, 3: 5.38140106201, 4: 8.70227813721e-05
2017-07-17 14:29:49,583: DEBUG: All do_post = 5.39049696922
2017-07-17 14:29:49,583: DEBUG: Garbage collector: lvl1 = 231, lvl2 = 3, lvl3 = 1
2017-07-17 14:30:29,997: DEBUG: Number of forward = 0
2017-07-17 14:30:35,976: DEBUG: Returns: ('high', 0.99997544)
2017-07-17 14:30:35,976: DEBUG: do_POST = 1: 0.00839400291443, 2: 5.3882598877e-05, 3: 5.97014403343, 4: 8.70227813721e-05
2017-07-17 14:30:35,976: DEBUG: All do_post = 5.97919297218
2017-07-17 14:30:35,976: DEBUG: Garbage collector: lvl1 = 242, lvl2 = 3, lvl3 = 1
2017-07-17 14:31:28,486: DEBUG: Number of forward = 0
2017-07-17 14:31:34,194: DEBUG: Returns: ('middle', 1.0)
2017-07-17 14:31:34,195: DEBUG: do_POST = 1: 0.0121650695801, 2: 6.48498535156e-05, 3: 5.69539093971, 4: 9.01222229004e-05
2017-07-17 14:31:34,195: DEBUG: All do_post = 5.70842385292
2017-07-17 14:31:34,195: DEBUG: Garbage collector: lvl1 = 253, lvl2 = 3, lvl3 = 1
